2025-10-06 10:04:12,503 - FlowStreamer - INFO - FlowStreamer listening on ('0.0.0.0', 9999)
2025-10-06 10:04:12,503 - NetFlowSimulator - INFO - Flow streamer started on 0.0.0.0:9999
2025-10-06 10:04:12,503 - NetFlowSimulator - INFO - Starting Realistic NetFlow v9 simulator
2025-10-06 10:04:12,503 - NetFlowSimulator - INFO - Collector: 127.0.0.1:2055
2025-10-06 10:04:12,503 - NetFlowSimulator - INFO - Sessions per minute: 80
2025-10-06 10:04:12,503 - NetFlowSimulator - INFO - Bidirectional flows: True
2025-10-06 10:04:12,503 - NetFlowSimulator - INFO - Sampling rate: 1:10
2025-10-06 10:04:12,503 - NetFlowSimulator - INFO - Output: netflow_data (jsonl)
2025-10-06 10:04:12,504 - NetFlowSimulator - INFO - Status: 1 active sessions, 0.0 pkt/s, 0.0 flows/s, sampling: 0.000
2025-10-06 10:04:32,684 - NetFlowExporter - INFO - Sent template packet (68 bytes)
2025-10-06 10:04:32,684 - NetFlowExporter - INFO - Sent 1 sampled flow records (57 bytes)
2025-10-06 10:04:35,748 - NetFlowExporter - INFO - Sent 1 sampled flow records (57 bytes)
2025-10-06 10:04:36,665 - NetFlowExporter - INFO - Sent 1 sampled flow records (57 bytes)
2025-10-06 10:04:38,702 - NetFlowExporter - INFO - Sent 1 sampled flow records (57 bytes)
2025-10-06 10:04:39,833 - NetFlowExporter - INFO - Sent 1 sampled flow records (57 bytes)
2025-10-06 10:04:40,630 - NetFlowExporter - INFO - Sent 1 sampled flow records (57 bytes)
2025-10-06 10:04:42,777 - NetFlowExporter - INFO - Sent 1 sampled flow records (57 bytes)
2025-10-06 10:04:42,778 - NetFlowSimulator - INFO - Status: 10 active sessions, 94.6 pkt/s, 2.6 flows/s, sampling: 0.090
2025-10-06 10:04:43,789 - NetFlowExporter - INFO - Sent 1 sampled flow records (57 bytes)
2025-10-06 10:04:44,647 - NetFlowExporter - INFO - Sent 1 sampled flow records (57 bytes)
2025-10-06 10:04:46,664 - NetFlowExporter - INFO - Sent 1 sampled flow records (57 bytes)
2025-10-06 10:04:48,877 - NetFlowExporter - INFO - Sent 1 sampled flow records (57 bytes)
2025-10-06 10:04:49,806 - NetFlowExporter - INFO - Sent 1 sampled flow records (57 bytes)
2025-10-06 10:04:50,688 - NetFlowExporter - INFO - Sent 1 sampled flow records (57 bytes)
2025-10-06 10:04:51,870 - NetFlowExporter - INFO - Sent 1 sampled flow records (57 bytes)
2025-10-06 10:04:52,876 - NetFlowExporter - INFO - Sent 2 sampled flow records (86 bytes)
2025-10-06 10:04:55,366 - NetFlowExporter - INFO - Sent 1 sampled flow records (57 bytes)
2025-10-06 10:04:55,821 - NetFlowExporter - INFO - Sent 1 sampled flow records (57 bytes)
2025-10-06 10:04:56,857 - NetFlowExporter - INFO - Sent 1 sampled flow records (57 bytes)
2025-10-06 10:04:57,917 - NetFlowExporter - INFO - Sent 1 sampled flow records (57 bytes)
2025-10-06 10:04:58,726 - NetFlowExporter - INFO - Sent 1 sampled flow records (57 bytes)
2025-10-06 10:05:00,486 - NetFlowExporter - INFO - Sent template packet (68 bytes)
2025-10-06 10:05:00,486 - NetFlowExporter - INFO - Sent 2 sampled flow records (86 bytes)
2025-10-06 10:05:01,934 - NetFlowExporter - INFO - Sent 2 sampled flow records (86 bytes)
2025-10-06 10:05:02,781 - NetFlowExporter - INFO - Sent 1 sampled flow records (57 bytes)
2025-10-06 10:05:04,196 - NetFlowExporter - INFO - Sent 1 sampled flow records (57 bytes)
2025-10-06 10:05:04,799 - NetFlowExporter - INFO - Sent 1 sampled flow records (57 bytes)
2025-10-06 10:05:05,966 - NetFlowExporter - INFO - Sent 2 sampled flow records (86 bytes)
2025-10-06 10:05:06,961 - NetFlowExporter - INFO - Sent 1 sampled flow records (57 bytes)
2025-10-06 10:05:07,877 - NetFlowExporter - INFO - Sent 1 sampled flow records (57 bytes)
2025-10-06 10:05:08,931 - NetFlowExporter - INFO - Sent 1 sampled flow records (57 bytes)
2025-10-06 10:05:09,822 - NetFlowExporter - INFO - Sent 2 sampled flow records (86 bytes)
2025-10-06 10:05:11,020 - NetFlowExporter - INFO - Sent 1 sampled flow records (57 bytes)
2025-10-06 10:05:11,956 - NetFlowExporter - INFO - Sent 1 sampled flow records (57 bytes)
2025-10-06 10:05:12,952 - NetFlowExporter - INFO - Sent 1 sampled flow records (57 bytes)
2025-10-06 10:05:13,366 - FlowStreamer - INFO - Client connected: ('127.0.0.1', 45496)
2025-10-06 10:05:14,034 - NetFlowExporter - INFO - Sent 2 sampled flow records (86 bytes)
2025-10-06 10:05:15,183 - NetFlowExporter - INFO - Sent 1 sampled flow records (57 bytes)
2025-10-06 10:05:16,076 - NetFlowExporter - INFO - Sent 2 sampled flow records (86 bytes)
2025-10-06 10:05:17,062 - NetFlowExporter - INFO - Sent 1 sampled flow records (57 bytes)
2025-10-06 10:05:18,054 - NetFlowExporter - INFO - Sent 1 sampled flow records (57 bytes)
2025-10-06 10:05:18,923 - NetFlowExporter - INFO - Sent 1 sampled flow records (57 bytes)
2025-10-06 10:05:20,131 - NetFlowExporter - INFO - Sent 3 sampled flow records (115 bytes)
2025-10-06 10:05:21,157 - NetFlowExporter - INFO - Sent template packet (68 bytes)
2025-10-06 10:05:21,158 - NetFlowExporter - INFO - Sent 1 sampled flow records (57 bytes)
2025-10-06 10:05:22,187 - NetFlowExporter - INFO - Sent 2 sampled flow records (86 bytes)
2025-10-06 10:05:23,190 - NetFlowExporter - INFO - Sent 2 sampled flow records (86 bytes)
2025-10-06 10:05:24,248 - NetFlowExporter - INFO - Sent 1 sampled flow records (57 bytes)
2025-10-06 10:05:25,064 - NetFlowExporter - INFO - Sent 1 sampled flow records (57 bytes)
2025-10-06 10:05:26,130 - NetFlowExporter - INFO - Sent 2 sampled flow records (86 bytes)
2025-10-06 10:05:26,935 - NetFlowExporter - INFO - Sent 2 sampled flow records (86 bytes)
2025-10-06 10:05:28,251 - NetFlowExporter - INFO - Sent 2 sampled flow records (86 bytes)
2025-10-06 10:05:29,124 - NetFlowExporter - INFO - Sent 3 sampled flow records (115 bytes)
2025-10-06 10:05:30,339 - NetFlowExporter - INFO - Sent 3 sampled flow records (115 bytes)
2025-10-06 10:05:31,156 - NetFlowExporter - INFO - Sent 1 sampled flow records (57 bytes)
2025-10-06 10:05:32,558 - NetFlowExporter - INFO - Sent 3 sampled flow records (115 bytes)
2025-10-06 10:05:33,361 - NetFlowExporter - INFO - Sent 3 sampled flow records (115 bytes)
2025-10-06 10:05:34,374 - NetFlowExporter - INFO - Sent 2 sampled flow records (86 bytes)
2025-10-06 10:05:35,189 - NetFlowExporter - INFO - Sent 3 sampled flow records (115 bytes)
2025-10-06 10:05:36,192 - NetFlowExporter - INFO - Sent 2 sampled flow records (86 bytes)
2025-10-06 10:05:37,263 - NetFlowExporter - INFO - Sent 2 sampled flow records (86 bytes)
2025-10-06 10:05:38,284 - NetFlowExporter - INFO - Sent 3 sampled flow records (115 bytes)
2025-10-06 10:05:39,495 - NetFlowExporter - INFO - Sent 3 sampled flow records (115 bytes)
2025-10-06 10:05:39,847 - NetFlowExporter - INFO - Sent 1 sampled flow records (57 bytes)
2025-10-06 10:05:41,495 - NetFlowExporter - INFO - Sent template packet (68 bytes)
2025-10-06 10:05:41,496 - NetFlowExporter - INFO - Sent 5 sampled flow records (173 bytes)
2025-10-06 10:05:42,170 - NetFlowExporter - INFO - Sent 2 sampled flow records (86 bytes)
2025-10-06 10:05:43,601 - NetFlowExporter - INFO - Sent 3 sampled flow records (115 bytes)
2025-10-06 10:05:43,995 - NetFlowExporter - INFO - Sent 1 sampled flow records (57 bytes)
2025-10-06 10:05:45,198 - NetFlowExporter - INFO - Sent 3 sampled flow records (115 bytes)
2025-10-06 10:05:46,014 - NetFlowExporter - INFO - Sent 3 sampled flow records (115 bytes)
2025-10-06 10:05:47,427 - NetFlowExporter - INFO - Sent 4 sampled flow records (144 bytes)
2025-10-06 10:05:48,196 - NetFlowExporter - INFO - Sent 2 sampled flow records (86 bytes)
2025-10-06 10:05:49,351 - NetFlowExporter - INFO - Sent 3 sampled flow records (115 bytes)
2025-10-06 10:05:50,404 - NetFlowExporter - INFO - Sent 4 sampled flow records (144 bytes)
2025-10-06 10:05:51,344 - NetFlowExporter - INFO - Sent 4 sampled flow records (144 bytes)
2025-10-06 10:05:52,318 - NetFlowExporter - INFO - Sent 3 sampled flow records (115 bytes)
2025-10-06 10:05:53,150 - NetFlowExporter - INFO - Sent 2 sampled flow records (86 bytes)
2025-10-06 10:05:54,038 - NetFlowExporter - INFO - Sent 3 sampled flow records (115 bytes)
2025-10-06 10:05:55,485 - NetFlowExporter - INFO - Sent 4 sampled flow records (144 bytes)
2025-10-06 10:05:56,381 - NetFlowExporter - INFO - Sent 4 sampled flow records (144 bytes)
2025-10-06 10:05:57,118 - NetFlowExporter - INFO - Sent 2 sampled flow records (86 bytes)
2025-10-06 10:05:58,807 - NetFlowExporter - INFO - Sent 5 sampled flow records (173 bytes)
2025-10-06 10:05:59,817 - NetFlowExporter - INFO - Sent 3 sampled flow records (115 bytes)
2025-10-06 10:06:00,400 - NetFlowExporter - INFO - Sent 2 sampled flow records (86 bytes)
2025-10-06 10:06:01,466 - NetFlowExporter - INFO - Sent template packet (68 bytes)
2025-10-06 10:06:01,466 - NetFlowExporter - INFO - Sent 3 sampled flow records (115 bytes)
2025-10-06 10:06:02,763 - NetFlowExporter - INFO - Sent 4 sampled flow records (144 bytes)
2025-10-06 10:06:03,528 - NetFlowExporter - INFO - Sent 2 sampled flow records (86 bytes)
2025-10-06 10:06:04,796 - NetFlowExporter - INFO - Sent 4 sampled flow records (144 bytes)
2025-10-06 10:06:05,469 - NetFlowExporter - INFO - Sent 2 sampled flow records (86 bytes)
2025-10-06 10:06:06,946 - NetFlowExporter - INFO - Sent 5 sampled flow records (173 bytes)
2025-10-06 10:06:07,665 - NetFlowExporter - INFO - Sent 2 sampled flow records (86 bytes)
2025-10-06 10:06:08,728 - NetFlowExporter - INFO - Sent 4 sampled flow records (144 bytes)
2025-10-06 10:06:09,769 - NetFlowExporter - INFO - Sent 3 sampled flow records (115 bytes)
2025-10-06 10:06:10,935 - NetFlowExporter - INFO - Sent 5 sampled flow records (173 bytes)
2025-10-06 10:06:12,101 - NetFlowExporter - INFO - Sent 4 sampled flow records (144 bytes)
2025-10-06 10:06:13,217 - NetFlowExporter - INFO - Sent 3 sampled flow records (115 bytes)
2025-10-06 10:06:14,607 - NetFlowExporter - INFO - Sent 4 sampled flow records (144 bytes)
2025-10-06 10:06:15,481 - NetFlowExporter - INFO - Sent 3 sampled flow records (115 bytes)
2025-10-06 10:06:16,536 - NetFlowExporter - INFO - Sent 4 sampled flow records (144 bytes)
2025-10-06 10:06:17,656 - NetFlowExporter - INFO - Sent 4 sampled flow records (144 bytes)
2025-10-06 10:06:18,607 - NetFlowExporter - INFO - Sent 3 sampled flow records (115 bytes)
2025-10-06 10:06:19,489 - NetFlowExporter - INFO - Sent 3 sampled flow records (115 bytes)
2025-10-06 10:06:20,597 - NetFlowExporter - INFO - Sent 5 sampled flow records (173 bytes)
2025-10-06 10:06:22,102 - NetFlowExporter - INFO - Sent 6 sampled flow records (202 bytes)
2025-10-06 10:06:23,508 - NetFlowExporter - INFO - Sent template packet (68 bytes)
2025-10-06 10:06:23,508 - NetFlowExporter - INFO - Sent 5 sampled flow records (173 bytes)
2025-10-06 10:06:24,469 - NetFlowExporter - INFO - Sent 4 sampled flow records (144 bytes)
2025-10-06 10:06:25,591 - NetFlowExporter - INFO - Sent 4 sampled flow records (144 bytes)
2025-10-06 10:06:26,322 - NetFlowExporter - INFO - Sent 2 sampled flow records (86 bytes)
2025-10-06 10:06:27,726 - NetFlowExporter - INFO - Sent 5 sampled flow records (173 bytes)
2025-10-06 10:06:28,756 - NetFlowExporter - INFO - Sent 4 sampled flow records (144 bytes)
2025-10-06 10:06:29,676 - NetFlowExporter - INFO - Sent 4 sampled flow records (144 bytes)
2025-10-06 10:06:30,912 - NetFlowExporter - INFO - Sent 5 sampled flow records (173 bytes)
2025-10-06 10:06:31,738 - NetFlowExporter - INFO - Sent 4 sampled flow records (144 bytes)
2025-10-06 10:06:32,837 - NetFlowExporter - INFO - Sent 5 sampled flow records (173 bytes)
2025-10-06 10:06:33,722 - NetFlowExporter - INFO - Sent 4 sampled flow records (144 bytes)
2025-10-06 10:06:34,562 - NetFlowExporter - INFO - Sent 4 sampled flow records (144 bytes)
2025-10-06 10:06:36,119 - NetFlowExporter - INFO - Sent 7 sampled flow records (231 bytes)
2025-10-06 10:06:36,708 - NetFlowExporter - INFO - Sent 2 sampled flow records (86 bytes)
2025-10-06 10:06:38,271 - NetFlowExporter - INFO - Sent 7 sampled flow records (231 bytes)
2025-10-06 10:06:39,215 - NetFlowExporter - INFO - Sent 4 sampled flow records (144 bytes)
2025-10-06 10:06:40,246 - NetFlowExporter - INFO - Sent 5 sampled flow records (173 bytes)
2025-10-06 10:06:41,489 - NetFlowExporter - INFO - Sent 6 sampled flow records (202 bytes)
2025-10-06 10:06:42,372 - NetFlowExporter - INFO - Sent 3 sampled flow records (115 bytes)
2025-10-06 10:06:44,023 - NetFlowExporter - INFO - Sent 7 sampled flow records (231 bytes)
2025-10-06 10:06:45,287 - NetFlowExporter - INFO - Sent template packet (68 bytes)
2025-10-06 10:06:45,287 - NetFlowExporter - INFO - Sent 6 sampled flow records (202 bytes)
2025-10-06 10:06:46,175 - NetFlowExporter - INFO - Sent 3 sampled flow records (115 bytes)
2025-10-06 10:06:47,339 - NetFlowExporter - INFO - Sent 5 sampled flow records (173 bytes)
2025-10-06 10:06:48,175 - NetFlowExporter - INFO - Sent 4 sampled flow records (144 bytes)
2025-10-06 10:06:49,288 - NetFlowExporter - INFO - Sent 6 sampled flow records (202 bytes)
2025-10-06 10:06:50,057 - NetFlowExporter - INFO - Sent 3 sampled flow records (115 bytes)
2025-10-06 10:06:51,298 - NetFlowExporter - INFO - Sent 6 sampled flow records (202 bytes)
2025-10-06 10:06:51,906 - NetFlowExporter - INFO - Sent 2 sampled flow records (86 bytes)
2025-10-06 10:06:53,390 - NetFlowExporter - INFO - Sent 6 sampled flow records (202 bytes)
2025-10-06 10:06:53,928 - NetFlowExporter - INFO - Sent 3 sampled flow records (115 bytes)
2025-10-06 10:06:55,597 - NetFlowExporter - INFO - Sent 7 sampled flow records (231 bytes)
2025-10-06 10:06:56,370 - NetFlowExporter - INFO - Sent 3 sampled flow records (115 bytes)
2025-10-06 10:06:57,609 - NetFlowExporter - INFO - Sent 6 sampled flow records (202 bytes)
2025-10-06 10:06:58,584 - NetFlowExporter - INFO - Sent 4 sampled flow records (144 bytes)
2025-10-06 10:06:59,530 - NetFlowExporter - INFO - Sent 3 sampled flow records (115 bytes)
2025-10-06 10:07:00,362 - NetFlowExporter - INFO - Sent 4 sampled flow records (144 bytes)
2025-10-06 10:07:01,391 - NetFlowExporter - INFO - Sent 4 sampled flow records (144 bytes)
2025-10-06 10:07:02,699 - NetFlowExporter - INFO - Sent 7 sampled flow records (231 bytes)
2025-10-06 10:07:03,621 - NetFlowExporter - INFO - Sent 4 sampled flow records (144 bytes)
2025-10-06 10:07:04,930 - NetFlowExporter - INFO - Sent 6 sampled flow records (202 bytes)
2025-10-06 10:07:05,970 - NetFlowExporter - INFO - Sent template packet (68 bytes)
2025-10-06 10:07:05,970 - NetFlowExporter - INFO - Sent 5 sampled flow records (173 bytes)
2025-10-06 10:07:06,944 - NetFlowExporter - INFO - Sent 5 sampled flow records (173 bytes)
2025-10-06 10:07:08,382 - NetFlowExporter - INFO - Sent 6 sampled flow records (202 bytes)
2025-10-06 10:07:09,402 - NetFlowExporter - INFO - Sent 4 sampled flow records (144 bytes)
2025-10-06 10:07:10,004 - NetFlowExporter - INFO - Sent 3 sampled flow records (115 bytes)
2025-10-06 10:07:11,810 - NetFlowExporter - INFO - Sent 8 sampled flow records (260 bytes)
2025-10-06 10:07:12,957 - NetFlowExporter - INFO - Sent 5 sampled flow records (173 bytes)
2025-10-06 10:07:14,246 - NetFlowExporter - INFO - Sent 7 sampled flow records (231 bytes)
2025-10-06 10:07:15,187 - NetFlowExporter - INFO - Sent 5 sampled flow records (173 bytes)
2025-10-06 10:07:16,222 - NetFlowExporter - INFO - Sent 5 sampled flow records (173 bytes)
2025-10-06 10:07:17,660 - NetFlowExporter - INFO - Sent 6 sampled flow records (202 bytes)
2025-10-06 10:07:18,742 - NetFlowExporter - INFO - Sent 5 sampled flow records (173 bytes)
2025-10-06 10:07:20,345 - NetFlowExporter - INFO - Sent 7 sampled flow records (231 bytes)
2025-10-06 10:07:21,486 - NetFlowExporter - INFO - Sent 6 sampled flow records (202 bytes)
2025-10-06 10:07:22,378 - NetFlowExporter - INFO - Sent 4 sampled flow records (144 bytes)
2025-10-06 10:07:23,490 - NetFlowExporter - INFO - Sent 5 sampled flow records (173 bytes)
2025-10-06 10:07:24,651 - NetFlowExporter - INFO - Sent 6 sampled flow records (202 bytes)
2025-10-06 10:07:25,508 - NetFlowExporter - INFO - Sent 3 sampled flow records (115 bytes)
2025-10-06 10:07:26,496 - NetFlowExporter - INFO - Sent 5 sampled flow records (173 bytes)
2025-10-06 10:07:27,599 - NetFlowExporter - INFO - Sent 4 sampled flow records (144 bytes)
2025-10-06 10:07:28,442 - NetFlowExporter - INFO - Sent template packet (68 bytes)
2025-10-06 10:07:28,443 - NetFlowExporter - INFO - Sent 4 sampled flow records (144 bytes)
2025-10-06 10:07:29,574 - NetFlowExporter - INFO - Sent 4 sampled flow records (144 bytes)
2025-10-06 10:07:30,679 - NetFlowExporter - INFO - Sent 6 sampled flow records (202 bytes)
2025-10-06 10:07:31,766 - NetFlowExporter - INFO - Sent 5 sampled flow records (173 bytes)
2025-10-06 10:07:32,676 - NetFlowExporter - INFO - Sent 3 sampled flow records (115 bytes)
2025-10-06 10:07:33,400 - NetFlowExporter - INFO - Sent 3 sampled flow records (115 bytes)
2025-10-06 10:07:34,677 - NetFlowExporter - INFO - Sent 5 sampled flow records (173 bytes)
2025-10-06 10:07:35,353 - NetFlowExporter - INFO - Sent 2 sampled flow records (86 bytes)
2025-10-06 10:07:36,726 - NetFlowExporter - INFO - Sent 6 sampled flow records (202 bytes)
2025-10-06 10:07:37,356 - NetFlowExporter - INFO - Sent 2 sampled flow records (86 bytes)
2025-10-06 10:07:38,511 - NetFlowExporter - INFO - Sent 6 sampled flow records (202 bytes)
2025-10-06 10:07:39,601 - NetFlowExporter - INFO - Sent 3 sampled flow records (115 bytes)
2025-10-06 10:07:40,475 - NetFlowExporter - INFO - Sent 5 sampled flow records (173 bytes)
2025-10-06 10:07:41,675 - NetFlowExporter - INFO - Sent 5 sampled flow records (173 bytes)
2025-10-06 10:07:42,600 - NetFlowExporter - INFO - Sent 4 sampled flow records (144 bytes)
2025-10-06 10:07:43,599 - NetFlowExporter - INFO - Sent 4 sampled flow records (144 bytes)
2025-10-06 10:07:44,743 - NetFlowExporter - INFO - Sent 5 sampled flow records (173 bytes)
2025-10-06 10:07:45,652 - NetFlowExporter - INFO - Sent 4 sampled flow records (144 bytes)
2025-10-06 10:07:46,663 - NetFlowExporter - INFO - Sent 5 sampled flow records (173 bytes)
2025-10-06 10:07:47,501 - NetFlowExporter - INFO - Sent 3 sampled flow records (115 bytes)
2025-10-06 10:07:48,548 - NetFlowExporter - INFO - Sent template packet (68 bytes)
2025-10-06 10:07:48,548 - NetFlowExporter - INFO - Sent 5 sampled flow records (173 bytes)
2025-10-06 10:07:49,255 - NetFlowExporter - INFO - Sent 4 sampled flow records (144 bytes)
2025-10-06 10:07:50,795 - NetFlowExporter - INFO - Sent 6 sampled flow records (202 bytes)
2025-10-06 10:07:51,771 - NetFlowExporter - INFO - Sent 4 sampled flow records (144 bytes)
2025-10-06 10:07:52,529 - NetFlowExporter - INFO - Sent 4 sampled flow records (144 bytes)
2025-10-06 10:07:53,582 - NetFlowExporter - INFO - Sent 4 sampled flow records (144 bytes)
2025-10-06 10:07:54,528 - NetFlowExporter - INFO - Sent 5 sampled flow records (173 bytes)
2025-10-06 10:07:55,326 - NetFlowExporter - INFO - Sent 3 sampled flow records (115 bytes)
2025-10-06 10:07:56,559 - NetFlowExporter - INFO - Sent 5 sampled flow records (173 bytes)
2025-10-06 10:07:57,330 - NetFlowExporter - INFO - Sent 3 sampled flow records (115 bytes)
2025-10-06 10:07:58,538 - NetFlowExporter - INFO - Sent 5 sampled flow records (173 bytes)
2025-10-06 10:07:59,783 - NetFlowExporter - INFO - Sent 6 sampled flow records (202 bytes)
2025-10-06 10:08:00,517 - NetFlowExporter - INFO - Sent 3 sampled flow records (115 bytes)
2025-10-06 10:08:01,656 - NetFlowExporter - INFO - Sent 6 sampled flow records (202 bytes)
2025-10-06 10:08:02,552 - NetFlowExporter - INFO - Sent 4 sampled flow records (144 bytes)
2025-10-06 10:08:03,404 - NetFlowExporter - INFO - Sent 4 sampled flow records (144 bytes)
2025-10-06 10:08:04,975 - NetFlowExporter - INFO - Sent 6 sampled flow records (202 bytes)
2025-10-06 10:08:05,915 - NetFlowExporter - INFO - Sent 3 sampled flow records (115 bytes)
2025-10-06 10:08:06,880 - NetFlowExporter - INFO - Sent 4 sampled flow records (144 bytes)
2025-10-06 10:08:07,643 - NetFlowExporter - INFO - Sent 4 sampled flow records (144 bytes)
2025-10-06 10:08:08,957 - NetFlowExporter - INFO - Sent template packet (68 bytes)
2025-10-06 10:08:08,958 - NetFlowExporter - INFO - Sent 5 sampled flow records (173 bytes)
2025-10-06 10:08:09,798 - NetFlowExporter - INFO - Sent 3 sampled flow records (115 bytes)
2025-10-06 10:08:10,650 - NetFlowExporter - INFO - Sent 3 sampled flow records (115 bytes)
2025-10-06 10:08:11,716 - NetFlowExporter - INFO - Sent 5 sampled flow records (173 bytes)
2025-10-06 10:08:12,392 - NetFlowExporter - INFO - Sent 2 sampled flow records (86 bytes)
2025-10-06 10:08:14,166 - NetFlowExporter - INFO - Sent 6 sampled flow records (202 bytes)
2025-10-06 10:08:14,971 - NetFlowExporter - INFO - Sent 3 sampled flow records (115 bytes)
2025-10-06 10:08:15,971 - NetFlowExporter - INFO - Sent 3 sampled flow records (115 bytes)
2025-10-06 10:08:17,107 - NetFlowExporter - INFO - Sent 6 sampled flow records (202 bytes)
2025-10-06 10:08:18,122 - NetFlowExporter - INFO - Sent 4 sampled flow records (144 bytes)
2025-10-06 10:08:19,161 - NetFlowExporter - INFO - Sent 2 sampled flow records (86 bytes)
2025-10-06 10:08:20,219 - NetFlowExporter - INFO - Sent 5 sampled flow records (173 bytes)
2025-10-06 10:08:21,105 - NetFlowExporter - INFO - Sent 3 sampled flow records (115 bytes)
2025-10-06 10:08:22,148 - NetFlowExporter - INFO - Sent 4 sampled flow records (144 bytes)
2025-10-06 10:08:23,043 - NetFlowExporter - INFO - Sent 4 sampled flow records (144 bytes)
2025-10-06 10:08:24,100 - NetFlowExporter - INFO - Sent 4 sampled flow records (144 bytes)
2025-10-06 10:08:25,031 - NetFlowExporter - INFO - Sent 4 sampled flow records (144 bytes)
2025-10-06 10:08:26,193 - NetFlowExporter - INFO - Sent 5 sampled flow records (173 bytes)
2025-10-06 10:08:27,022 - NetFlowExporter - INFO - Sent 4 sampled flow records (144 bytes)
2025-10-06 10:08:28,788 - NetFlowExporter - INFO - Sent 6 sampled flow records (202 bytes)
2025-10-06 10:08:29,710 - NetFlowExporter - INFO - Sent template packet (68 bytes)
2025-10-06 10:08:29,711 - NetFlowExporter - INFO - Sent 4 sampled flow records (144 bytes)
2025-10-06 10:08:30,764 - NetFlowExporter - INFO - Sent 4 sampled flow records (144 bytes)
2025-10-06 10:08:31,621 - NetFlowExporter - INFO - Sent 3 sampled flow records (115 bytes)
2025-10-06 10:08:32,816 - NetFlowExporter - INFO - Sent 6 sampled flow records (202 bytes)
2025-10-06 10:08:33,739 - NetFlowExporter - INFO - Sent 3 sampled flow records (115 bytes)
2025-10-06 10:08:35,581 - NetFlowExporter - INFO - Sent 8 sampled flow records (260 bytes)
2025-10-06 10:08:36,864 - NetFlowExporter - INFO - Sent 6 sampled flow records (202 bytes)
2025-10-06 10:08:37,769 - NetFlowExporter - INFO - Sent 5 sampled flow records (173 bytes)
2025-10-06 10:08:38,914 - NetFlowExporter - INFO - Sent 6 sampled flow records (202 bytes)
2025-10-06 10:08:39,854 - NetFlowExporter - INFO - Sent 4 sampled flow records (144 bytes)
2025-10-06 10:08:40,721 - NetFlowExporter - INFO - Sent 3 sampled flow records (115 bytes)
2025-10-06 10:08:42,010 - NetFlowExporter - INFO - Sent 6 sampled flow records (202 bytes)
2025-10-06 10:08:43,167 - NetFlowExporter - INFO - Sent 4 sampled flow records (144 bytes)
2025-10-06 10:08:43,986 - NetFlowExporter - INFO - Sent 3 sampled flow records (115 bytes)
2025-10-06 10:08:44,945 - NetFlowExporter - INFO - Sent 4 sampled flow records (144 bytes)
2025-10-06 10:08:46,269 - NetFlowExporter - INFO - Sent 7 sampled flow records (231 bytes)
2025-10-06 10:08:47,178 - NetFlowExporter - INFO - Sent 3 sampled flow records (115 bytes)
2025-10-06 10:08:48,318 - NetFlowExporter - INFO - Sent 6 sampled flow records (202 bytes)
2025-10-06 10:08:49,345 - NetFlowExporter - INFO - Sent 4 sampled flow records (144 bytes)
2025-10-06 10:08:50,202 - NetFlowExporter - INFO - Sent 3 sampled flow records (115 bytes)
2025-10-06 10:08:51,584 - NetFlowExporter - INFO - Sent template packet (68 bytes)
2025-10-06 10:08:51,585 - NetFlowExporter - INFO - Sent 6 sampled flow records (202 bytes)
2025-10-06 10:08:52,582 - NetFlowExporter - INFO - Sent 4 sampled flow records (144 bytes)
2025-10-06 10:08:53,707 - NetFlowExporter - INFO - Sent 4 sampled flow records (144 bytes)
2025-10-06 10:08:54,690 - NetFlowExporter - INFO - Sent 4 sampled flow records (144 bytes)
2025-10-06 10:08:55,697 - NetFlowExporter - INFO - Sent 6 sampled flow records (202 bytes)
2025-10-06 10:08:56,844 - NetFlowExporter - INFO - Sent 5 sampled flow records (173 bytes)
2025-10-06 10:08:58,169 - NetFlowExporter - INFO - Sent 5 sampled flow records (173 bytes)
2025-10-06 10:08:59,085 - NetFlowExporter - INFO - Sent 4 sampled flow records (144 bytes)
2025-10-06 10:09:00,266 - NetFlowExporter - INFO - Sent 6 sampled flow records (202 bytes)
2025-10-06 10:09:01,253 - NetFlowExporter - INFO - Sent 4 sampled flow records (144 bytes)
2025-10-06 10:09:02,591 - NetFlowExporter - INFO - Sent 5 sampled flow records (173 bytes)
2025-10-06 10:09:03,673 - NetFlowExporter - INFO - Sent 6 sampled flow records (202 bytes)
2025-10-06 10:09:05,042 - NetFlowExporter - INFO - Sent 6 sampled flow records (202 bytes)
2025-10-06 10:09:06,381 - NetFlowExporter - INFO - Sent 6 sampled flow records (202 bytes)
2025-10-06 10:09:07,471 - NetFlowExporter - INFO - Sent 5 sampled flow records (173 bytes)
2025-10-06 10:09:09,490 - NetFlowExporter - INFO - Sent 12 sampled flow records (376 bytes)
2025-10-06 10:09:11,237 - NetFlowExporter - INFO - Sent 8 sampled flow records (260 bytes)
2025-10-06 10:09:13,101 - NetFlowExporter - INFO - Sent 8 sampled flow records (260 bytes)
2025-10-06 10:09:14,984 - NetFlowExporter - INFO - Sent 11 sampled flow records (347 bytes)
2025-10-06 10:09:16,514 - NetFlowExporter - INFO - Sent 8 sampled flow records (260 bytes)
2025-10-06 10:09:17,707 - NetFlowExporter - INFO - Sent template packet (68 bytes)
2025-10-06 10:09:17,707 - NetFlowExporter - INFO - Sent 5 sampled flow records (173 bytes)
2025-10-06 10:09:18,846 - NetFlowExporter - INFO - Sent 5 sampled flow records (173 bytes)
2025-10-06 10:09:19,990 - NetFlowExporter - INFO - Sent 6 sampled flow records (202 bytes)
2025-10-06 10:09:21,183 - NetFlowExporter - INFO - Sent 6 sampled flow records (202 bytes)
2025-10-06 10:09:22,100 - NetFlowExporter - INFO - Sent 4 sampled flow records (144 bytes)
2025-10-06 10:09:23,097 - NetFlowExporter - INFO - Sent 5 sampled flow records (173 bytes)
2025-10-06 10:09:24,339 - NetFlowExporter - INFO - Sent 4 sampled flow records (144 bytes)
2025-10-06 10:09:25,323 - NetFlowExporter - INFO - Sent 4 sampled flow records (144 bytes)
2025-10-06 10:09:26,327 - NetFlowExporter - INFO - Sent 4 sampled flow records (144 bytes)
2025-10-06 10:09:27,164 - NetFlowExporter - INFO - Sent 4 sampled flow records (144 bytes)
2025-10-06 10:09:29,053 - NetFlowExporter - INFO - Sent 9 sampled flow records (289 bytes)
2025-10-06 10:09:30,591 - NetFlowExporter - INFO - Sent 5 sampled flow records (173 bytes)
2025-10-06 10:09:31,921 - NetFlowExporter - INFO - Sent 6 sampled flow records (202 bytes)
2025-10-06 10:09:32,978 - NetFlowExporter - INFO - Sent 5 sampled flow records (173 bytes)
2025-10-06 10:09:33,754 - NetFlowExporter - INFO - Sent 4 sampled flow records (144 bytes)
2025-10-06 10:09:35,212 - NetFlowExporter - INFO - Sent 6 sampled flow records (202 bytes)
2025-10-06 10:09:36,435 - NetFlowExporter - INFO - Sent 6 sampled flow records (202 bytes)
2025-10-06 10:09:38,185 - NetFlowExporter - INFO - Sent 9 sampled flow records (289 bytes)
2025-10-06 10:09:39,614 - NetFlowExporter - INFO - Sent 7 sampled flow records (231 bytes)
2025-10-06 10:09:40,903 - NetFlowExporter - INFO - Sent 5 sampled flow records (173 bytes)
2025-10-06 10:09:41,910 - NetFlowExporter - INFO - Sent template packet (68 bytes)
2025-10-06 10:09:41,910 - NetFlowExporter - INFO - Sent 5 sampled flow records (173 bytes)
2025-10-06 10:09:42,528 - NetFlowExporter - INFO - Sent 3 sampled flow records (115 bytes)
2025-10-06 10:09:44,210 - NetFlowExporter - INFO - Sent 6 sampled flow records (202 bytes)
2025-10-06 10:09:45,653 - NetFlowExporter - INFO - Sent 7 sampled flow records (231 bytes)
2025-10-06 10:09:46,835 - NetFlowExporter - INFO - Sent 5 sampled flow records (173 bytes)
2025-10-06 10:09:47,675 - NetFlowExporter - INFO - Sent 4 sampled flow records (144 bytes)
2025-10-06 10:09:48,583 - NetFlowExporter - INFO - Sent 5 sampled flow records (173 bytes)
2025-10-06 10:09:49,664 - NetFlowExporter - INFO - Sent 5 sampled flow records (173 bytes)
2025-10-06 10:09:50,660 - NetFlowExporter - INFO - Sent 4 sampled flow records (144 bytes)
2025-10-06 10:09:51,928 - NetFlowExporter - INFO - Sent 5 sampled flow records (173 bytes)
2025-10-06 10:09:52,682 - NetFlowExporter - INFO - Sent 4 sampled flow records (144 bytes)
2025-10-06 10:09:53,925 - NetFlowExporter - INFO - Sent 4 sampled flow records (144 bytes)
2025-10-06 10:09:54,729 - NetFlowExporter - INFO - Sent 2 sampled flow records (86 bytes)
2025-10-06 10:09:55,857 - NetFlowExporter - INFO - Sent 5 sampled flow records (173 bytes)
2025-10-06 10:09:56,916 - NetFlowExporter - INFO - Sent 4 sampled flow records (144 bytes)
2025-10-06 10:09:57,574 - NetFlowExporter - INFO - Sent 4 sampled flow records (144 bytes)
2025-10-06 10:09:58,952 - NetFlowExporter - INFO - Sent 6 sampled flow records (202 bytes)
2025-10-06 10:09:59,816 - NetFlowExporter - INFO - Sent 4 sampled flow records (144 bytes)
2025-10-06 10:10:00,585 - NetFlowExporter - INFO - Sent 3 sampled flow records (115 bytes)
2025-10-06 10:10:01,808 - NetFlowExporter - INFO - Sent 5 sampled flow records (173 bytes)
2025-10-06 10:10:02,905 - NetFlowExporter - INFO - Sent template packet (68 bytes)
2025-10-06 10:10:02,906 - NetFlowExporter - INFO - Sent 5 sampled flow records (173 bytes)
2025-10-06 10:10:03,569 - NetFlowExporter - INFO - Sent 4 sampled flow records (144 bytes)
2025-10-06 10:10:04,956 - NetFlowExporter - INFO - Sent 6 sampled flow records (202 bytes)
2025-10-06 10:10:06,022 - NetFlowExporter - INFO - Sent 4 sampled flow records (144 bytes)
2025-10-06 10:10:06,808 - NetFlowExporter - INFO - Sent 4 sampled flow records (144 bytes)
2025-10-06 10:10:07,768 - NetFlowExporter - INFO - Sent 4 sampled flow records (144 bytes)
2025-10-06 10:10:08,831 - NetFlowExporter - INFO - Sent 5 sampled flow records (173 bytes)
2025-10-06 10:10:09,942 - NetFlowExporter - INFO - Sent 5 sampled flow records (173 bytes)
2025-10-06 10:10:10,818 - NetFlowExporter - INFO - Sent 4 sampled flow records (144 bytes)
2025-10-06 10:10:11,931 - NetFlowExporter - INFO - Sent 4 sampled flow records (144 bytes)
2025-10-06 10:10:12,974 - NetFlowExporter - INFO - Sent 5 sampled flow records (173 bytes)
2025-10-06 10:10:13,770 - NetFlowExporter - INFO - Sent 3 sampled flow records (115 bytes)
2025-10-06 10:10:14,833 - NetFlowExporter - INFO - Sent 5 sampled flow records (173 bytes)
2025-10-06 10:10:16,013 - NetFlowExporter - INFO - Sent 5 sampled flow records (173 bytes)
2025-10-06 10:10:16,957 - NetFlowExporter - INFO - Sent 5 sampled flow records (173 bytes)
2025-10-06 10:10:17,600 - NetFlowExporter - INFO - Sent 2 sampled flow records (86 bytes)
2025-10-06 10:10:18,704 - NetFlowExporter - INFO - Sent 5 sampled flow records (173 bytes)
2025-10-06 10:10:20,109 - NetFlowExporter - INFO - Sent 5 sampled flow records (173 bytes)
2025-10-06 10:10:20,839 - NetFlowExporter - INFO - Sent 4 sampled flow records (144 bytes)
2025-10-06 10:10:22,127 - NetFlowExporter - INFO - Sent 6 sampled flow records (202 bytes)
2025-10-06 10:10:23,019 - NetFlowExporter - INFO - Sent template packet (68 bytes)
2025-10-06 10:10:23,019 - NetFlowExporter - INFO - Sent 3 sampled flow records (115 bytes)
2025-10-06 10:10:23,949 - NetFlowExporter - INFO - Sent 5 sampled flow records (173 bytes)
2025-10-06 10:10:24,895 - NetFlowExporter - INFO - Sent 4 sampled flow records (144 bytes)
2025-10-06 10:10:26,077 - NetFlowExporter - INFO - Sent 4 sampled flow records (144 bytes)
2025-10-06 10:10:27,131 - NetFlowExporter - INFO - Sent 6 sampled flow records (202 bytes)
2025-10-06 10:10:28,739 - NetFlowExporter - INFO - Sent 7 sampled flow records (231 bytes)
2025-10-06 10:10:30,037 - NetFlowExporter - INFO - Sent 6 sampled flow records (202 bytes)
2025-10-06 10:10:30,775 - NetFlowExporter - INFO - Sent 3 sampled flow records (115 bytes)
2025-10-06 10:10:31,890 - NetFlowExporter - INFO - Sent 5 sampled flow records (173 bytes)
2025-10-06 10:10:32,559 - NetFlowExporter - INFO - Sent 4 sampled flow records (144 bytes)
2025-10-06 10:10:34,002 - NetFlowExporter - INFO - Sent 5 sampled flow records (173 bytes)
2025-10-06 10:10:35,592 - NetFlowExporter - INFO - Sent 7 sampled flow records (231 bytes)
2025-10-06 10:10:36,660 - NetFlowExporter - INFO - Sent 4 sampled flow records (144 bytes)
2025-10-06 10:10:37,119 - NetFlowExporter - INFO - Sent 1 sampled flow records (57 bytes)
2025-10-06 10:10:39,261 - NetFlowExporter - INFO - Sent 10 sampled flow records (318 bytes)
2025-10-06 10:10:40,451 - NetFlowExporter - INFO - Sent 5 sampled flow records (173 bytes)
2025-10-06 10:10:41,152 - NetFlowExporter - INFO - Sent 3 sampled flow records (115 bytes)
2025-10-06 10:10:42,469 - NetFlowExporter - INFO - Sent 6 sampled flow records (202 bytes)
2025-10-06 10:10:43,641 - NetFlowExporter - INFO - Sent 4 sampled flow records (144 bytes)
2025-10-06 10:10:45,086 - NetFlowExporter - INFO - Sent 6 sampled flow records (202 bytes)
2025-10-06 10:10:46,602 - NetFlowExporter - INFO - Sent template packet (68 bytes)
2025-10-06 10:10:46,603 - NetFlowExporter - INFO - Sent 6 sampled flow records (202 bytes)
2025-10-06 10:10:48,327 - NetFlowExporter - INFO - Sent 8 sampled flow records (260 bytes)
2025-10-06 10:10:49,496 - NetFlowExporter - INFO - Sent 5 sampled flow records (173 bytes)
2025-10-06 10:10:50,232 - NetFlowExporter - INFO - Sent 2 sampled flow records (86 bytes)
2025-10-06 10:10:51,159 - NetFlowExporter - INFO - Sent 3 sampled flow records (115 bytes)
2025-10-06 10:10:52,130 - NetFlowExporter - INFO - Sent 5 sampled flow records (173 bytes)
2025-10-06 10:10:53,272 - NetFlowExporter - INFO - Sent 3 sampled flow records (115 bytes)
2025-10-06 10:10:54,184 - NetFlowExporter - INFO - Sent 2 sampled flow records (86 bytes)
2025-10-06 10:10:55,403 - NetFlowExporter - INFO - Sent 5 sampled flow records (173 bytes)
2025-10-06 10:10:56,292 - NetFlowExporter - INFO - Sent 4 sampled flow records (144 bytes)
2025-10-06 10:10:57,218 - NetFlowExporter - INFO - Sent 4 sampled flow records (144 bytes)
2025-10-06 10:10:58,489 - NetFlowExporter - INFO - Sent 5 sampled flow records (173 bytes)
2025-10-06 10:10:59,478 - NetFlowExporter - INFO - Sent 4 sampled flow records (144 bytes)
2025-10-06 10:11:00,414 - NetFlowExporter - INFO - Sent 3 sampled flow records (115 bytes)
2025-10-06 10:11:01,559 - NetFlowExporter - INFO - Sent 4 sampled flow records (144 bytes)
2025-10-06 10:11:02,140 - NetFlowExporter - INFO - Sent 3 sampled flow records (115 bytes)
2025-10-06 10:11:03,479 - NetFlowExporter - INFO - Sent 4 sampled flow records (144 bytes)
2025-10-06 10:11:04,498 - NetFlowExporter - INFO - Sent 3 sampled flow records (115 bytes)
2025-10-06 10:11:05,421 - NetFlowExporter - INFO - Sent 4 sampled flow records (144 bytes)
2025-10-06 10:11:06,401 - NetFlowExporter - INFO - Sent 3 sampled flow records (115 bytes)
2025-10-06 10:11:07,504 - NetFlowExporter - INFO - Sent template packet (68 bytes)
2025-10-06 10:11:07,504 - NetFlowExporter - INFO - Sent 4 sampled flow records (144 bytes)
2025-10-06 10:11:08,195 - NetFlowExporter - INFO - Sent 3 sampled flow records (115 bytes)
2025-10-06 10:11:09,368 - NetFlowExporter - INFO - Sent 4 sampled flow records (144 bytes)
2025-10-06 10:11:10,298 - NetFlowExporter - INFO - Sent 4 sampled flow records (144 bytes)
2025-10-06 10:11:11,629 - NetFlowExporter - INFO - Sent 4 sampled flow records (144 bytes)
2025-10-06 10:11:12,725 - NetFlowExporter - INFO - Sent 4 sampled flow records (144 bytes)
2025-10-06 10:11:13,493 - NetFlowExporter - INFO - Sent 3 sampled flow records (115 bytes)
2025-10-06 10:11:14,619 - NetFlowExporter - INFO - Sent 5 sampled flow records (173 bytes)
2025-10-06 10:11:15,591 - NetFlowExporter - INFO - Sent 3 sampled flow records (115 bytes)
2025-10-06 10:11:16,575 - NetFlowExporter - INFO - Sent 6 sampled flow records (202 bytes)
2025-10-06 10:11:17,454 - NetFlowExporter - INFO - Sent 4 sampled flow records (144 bytes)
2025-10-06 10:11:18,528 - NetFlowExporter - INFO - Sent 4 sampled flow records (144 bytes)
2025-10-06 10:11:19,666 - NetFlowExporter - INFO - Sent 5 sampled flow records (173 bytes)
2025-10-06 10:11:20,608 - NetFlowExporter - INFO - Sent 4 sampled flow records (144 bytes)
2025-10-06 10:11:21,412 - NetFlowExporter - INFO - Sent 3 sampled flow records (115 bytes)
2025-10-06 10:11:22,539 - NetFlowExporter - INFO - Sent 6 sampled flow records (202 bytes)
2025-10-06 10:11:23,572 - NetFlowExporter - INFO - Sent 4 sampled flow records (144 bytes)
2025-10-06 10:11:24,790 - NetFlowExporter - INFO - Sent 5 sampled flow records (173 bytes)
2025-10-06 10:11:25,806 - NetFlowExporter - INFO - Sent 4 sampled flow records (144 bytes)
2025-10-06 10:11:26,500 - NetFlowExporter - INFO - Sent 4 sampled flow records (144 bytes)
2025-10-06 10:11:27,649 - NetFlowExporter - INFO - Sent template packet (68 bytes)
2025-10-06 10:11:27,649 - NetFlowExporter - INFO - Sent 4 sampled flow records (144 bytes)
2025-10-06 10:11:28,647 - NetFlowExporter - INFO - Sent 5 sampled flow records (173 bytes)
2025-10-06 10:11:30,011 - NetFlowExporter - INFO - Sent 6 sampled flow records (202 bytes)
2025-10-06 10:11:31,130 - NetFlowExporter - INFO - Sent 5 sampled flow records (173 bytes)
2025-10-06 10:11:31,968 - NetFlowExporter - INFO - Sent 4 sampled flow records (144 bytes)
2025-10-06 10:11:33,935 - NetFlowExporter - INFO - Sent 8 sampled flow records (260 bytes)
2025-10-06 10:11:35,447 - NetFlowExporter - INFO - Sent 7 sampled flow records (231 bytes)
2025-10-06 10:11:36,423 - NetFlowExporter - INFO - Sent 4 sampled flow records (144 bytes)
2025-10-06 10:11:37,357 - NetFlowExporter - INFO - Sent 3 sampled flow records (115 bytes)
2025-10-06 10:11:38,541 - NetFlowExporter - INFO - Sent 6 sampled flow records (202 bytes)
2025-10-06 10:11:39,288 - NetFlowExporter - INFO - Sent 2 sampled flow records (86 bytes)
2025-10-06 10:11:40,842 - NetFlowExporter - INFO - Sent 6 sampled flow records (202 bytes)
2025-10-06 10:11:41,929 - NetFlowExporter - INFO - Sent 5 sampled flow records (173 bytes)
2025-10-06 10:11:43,217 - NetFlowExporter - INFO - Sent 6 sampled flow records (202 bytes)
2025-10-06 10:11:45,037 - NetFlowExporter - INFO - Sent 7 sampled flow records (231 bytes)
2025-10-06 10:11:45,895 - NetFlowExporter - INFO - Sent 4 sampled flow records (144 bytes)
2025-10-06 10:11:47,139 - NetFlowExporter - INFO - Sent 5 sampled flow records (173 bytes)
2025-10-06 10:11:47,917 - NetFlowExporter - INFO - Sent 4 sampled flow records (144 bytes)
2025-10-06 10:11:48,802 - NetFlowExporter - INFO - Sent 1 sampled flow records (57 bytes)
2025-10-06 10:11:50,462 - NetFlowExporter - INFO - Sent 7 sampled flow records (231 bytes)
2025-10-06 10:11:51,454 - NetFlowExporter - INFO - Sent template packet (68 bytes)
2025-10-06 10:11:51,454 - NetFlowExporter - INFO - Sent 4 sampled flow records (144 bytes)
2025-10-06 10:11:51,970 - NetFlowExporter - INFO - Sent 2 sampled flow records (86 bytes)
2025-10-06 10:11:53,445 - NetFlowExporter - INFO - Sent 6 sampled flow records (202 bytes)
2025-10-06 10:11:54,362 - NetFlowExporter - INFO - Sent 4 sampled flow records (144 bytes)
2025-10-06 10:11:55,177 - NetFlowExporter - INFO - Sent 4 sampled flow records (144 bytes)
2025-10-06 10:11:56,511 - NetFlowExporter - INFO - Sent 4 sampled flow records (144 bytes)
2025-10-06 10:11:57,328 - NetFlowExporter - INFO - Sent 4 sampled flow records (144 bytes)
2025-10-06 10:11:58,208 - NetFlowExporter - INFO - Sent 2 sampled flow records (86 bytes)
2025-10-06 10:11:59,181 - NetFlowExporter - INFO - Sent 5 sampled flow records (173 bytes)
2025-10-06 10:12:00,425 - NetFlowExporter - INFO - Sent 3 sampled flow records (115 bytes)
2025-10-06 10:12:01,734 - NetFlowExporter - INFO - Sent 6 sampled flow records (202 bytes)
2025-10-06 10:12:02,461 - NetFlowExporter - INFO - Sent 2 sampled flow records (86 bytes)
2025-10-06 10:12:03,167 - NetFlowExporter - INFO - Sent 3 sampled flow records (115 bytes)
2025-10-06 10:12:04,436 - NetFlowExporter - INFO - Sent 4 sampled flow records (144 bytes)
2025-10-06 10:12:05,144 - NetFlowExporter - INFO - Sent 2 sampled flow records (86 bytes)
2025-10-06 10:12:06,582 - NetFlowExporter - INFO - Sent 5 sampled flow records (173 bytes)
2025-10-06 10:12:07,512 - NetFlowExporter - INFO - Sent 4 sampled flow records (144 bytes)
2025-10-06 10:12:08,328 - NetFlowExporter - INFO - Sent 3 sampled flow records (115 bytes)
2025-10-06 10:12:09,445 - NetFlowExporter - INFO - Sent 4 sampled flow records (144 bytes)
2025-10-06 10:12:10,177 - NetFlowExporter - INFO - Sent 4 sampled flow records (144 bytes)
2025-10-06 10:12:11,378 - NetFlowExporter - INFO - Sent template packet (68 bytes)
2025-10-06 10:12:11,378 - NetFlowExporter - INFO - Sent 6 sampled flow records (202 bytes)
2025-10-06 10:12:12,281 - NetFlowExporter - INFO - Sent 2 sampled flow records (86 bytes)
2025-10-06 10:12:13,342 - NetFlowExporter - INFO - Sent 5 sampled flow records (173 bytes)
2025-10-06 10:12:14,238 - NetFlowExporter - INFO - Sent 3 sampled flow records (115 bytes)
2025-10-06 10:12:15,515 - NetFlowExporter - INFO - Sent 5 sampled flow records (173 bytes)
2025-10-06 10:12:16,430 - NetFlowExporter - INFO - Sent 3 sampled flow records (115 bytes)
2025-10-06 10:12:17,502 - NetFlowExporter - INFO - Sent 4 sampled flow records (144 bytes)
2025-10-06 10:12:18,351 - NetFlowExporter - INFO - Sent 3 sampled flow records (115 bytes)
2025-10-06 10:12:19,159 - NetFlowExporter - INFO - Sent 3 sampled flow records (115 bytes)
2025-10-06 10:12:20,387 - NetFlowExporter - INFO - Sent 4 sampled flow records (144 bytes)
2025-10-06 10:12:21,225 - NetFlowExporter - INFO - Sent 2 sampled flow records (86 bytes)
2025-10-06 10:12:22,491 - NetFlowExporter - INFO - Sent 4 sampled flow records (144 bytes)
2025-10-06 10:12:23,124 - NetFlowExporter - INFO - Sent 2 sampled flow records (86 bytes)
2025-10-06 10:12:24,458 - NetFlowExporter - INFO - Sent 5 sampled flow records (173 bytes)
2025-10-06 10:12:25,172 - NetFlowExporter - INFO - Sent 3 sampled flow records (115 bytes)
2025-10-06 10:12:26,395 - NetFlowExporter - INFO - Sent 4 sampled flow records (144 bytes)
2025-10-06 10:12:27,190 - NetFlowExporter - INFO - Sent 2 sampled flow records (86 bytes)
2025-10-06 10:12:28,207 - NetFlowExporter - INFO - Sent 3 sampled flow records (115 bytes)
2025-10-06 10:12:29,176 - NetFlowExporter - INFO - Sent 3 sampled flow records (115 bytes)
2025-10-06 10:12:30,447 - NetFlowExporter - INFO - Sent 4 sampled flow records (144 bytes)
2025-10-06 10:12:31,386 - NetFlowExporter - INFO - Sent template packet (68 bytes)
2025-10-06 10:12:31,387 - NetFlowExporter - INFO - Sent 2 sampled flow records (86 bytes)
2025-10-06 10:12:32,553 - NetFlowExporter - INFO - Sent 4 sampled flow records (144 bytes)
2025-10-06 10:12:33,376 - NetFlowExporter - INFO - Sent 3 sampled flow records (115 bytes)
2025-10-06 10:12:34,524 - NetFlowExporter - INFO - Sent 4 sampled flow records (144 bytes)
2025-10-06 10:12:35,567 - NetFlowExporter - INFO - Sent 3 sampled flow records (115 bytes)
2025-10-06 10:12:36,424 - NetFlowExporter - INFO - Sent 3 sampled flow records (115 bytes)
2025-10-06 10:12:37,823 - NetFlowExporter - INFO - Sent 4 sampled flow records (144 bytes)
2025-10-06 10:12:39,185 - NetFlowExporter - INFO - Sent 5 sampled flow records (173 bytes)
2025-10-06 10:12:39,880 - NetFlowExporter - INFO - Sent 2 sampled flow records (86 bytes)
2025-10-06 10:12:40,888 - NetFlowExporter - INFO - Sent 3 sampled flow records (115 bytes)
2025-10-06 10:12:41,758 - NetFlowExporter - INFO - Sent 3 sampled flow records (115 bytes)
2025-10-06 10:12:42,880 - NetFlowExporter - INFO - Sent 3 sampled flow records (115 bytes)
2025-10-06 10:12:43,833 - NetFlowExporter - INFO - Sent 3 sampled flow records (115 bytes)
2025-10-06 10:12:44,677 - NetFlowExporter - INFO - Sent 3 sampled flow records (115 bytes)
2025-10-06 10:12:46,247 - NetFlowExporter - INFO - Sent 5 sampled flow records (173 bytes)
2025-10-06 10:12:47,250 - NetFlowExporter - INFO - Sent 3 sampled flow records (115 bytes)
2025-10-06 10:12:48,138 - NetFlowExporter - INFO - Sent 4 sampled flow records (144 bytes)
2025-10-06 10:12:48,925 - NetFlowExporter - INFO - Sent 2 sampled flow records (86 bytes)
2025-10-06 10:12:50,231 - NetFlowExporter - INFO - Sent 5 sampled flow records (173 bytes)
2025-10-06 10:12:51,037 - NetFlowExporter - INFO - Sent 2 sampled flow records (86 bytes)
2025-10-06 10:12:52,121 - NetFlowExporter - INFO - Sent template packet (68 bytes)
2025-10-06 10:12:52,122 - NetFlowExporter - INFO - Sent 4 sampled flow records (144 bytes)
2025-10-06 10:12:53,163 - NetFlowExporter - INFO - Sent 4 sampled flow records (144 bytes)
2025-10-06 10:12:53,887 - NetFlowExporter - INFO - Sent 2 sampled flow records (86 bytes)
2025-10-06 10:12:55,159 - NetFlowExporter - INFO - Sent 5 sampled flow records (173 bytes)
2025-10-06 10:12:55,706 - NetFlowExporter - INFO - Sent 2 sampled flow records (86 bytes)
2025-10-06 10:12:57,063 - NetFlowExporter - INFO - Sent 5 sampled flow records (173 bytes)
2025-10-06 10:12:58,694 - NetFlowExporter - INFO - Sent 5 sampled flow records (173 bytes)
2025-10-06 10:12:59,577 - NetFlowExporter - INFO - Sent 4 sampled flow records (144 bytes)
2025-10-06 10:13:00,866 - NetFlowExporter - INFO - Sent 4 sampled flow records (144 bytes)
2025-10-06 10:13:01,742 - NetFlowExporter - INFO - Sent 2 sampled flow records (86 bytes)
2025-10-06 10:13:03,041 - NetFlowExporter - INFO - Sent 5 sampled flow records (173 bytes)
2025-10-06 10:13:03,756 - NetFlowExporter - INFO - Sent 3 sampled flow records (115 bytes)
2025-10-06 10:13:04,801 - NetFlowExporter - INFO - Sent 4 sampled flow records (144 bytes)
2025-10-06 10:13:05,734 - NetFlowExporter - INFO - Sent 3 sampled flow records (115 bytes)
2025-10-06 10:13:06,952 - NetFlowExporter - INFO - Sent 5 sampled flow records (173 bytes)
2025-10-06 10:13:07,731 - NetFlowExporter - INFO - Sent 2 sampled flow records (86 bytes)
2025-10-06 10:13:08,898 - NetFlowExporter - INFO - Sent 4 sampled flow records (144 bytes)
2025-10-06 10:13:09,797 - NetFlowExporter - INFO - Sent 3 sampled flow records (115 bytes)
2025-10-06 10:13:10,667 - NetFlowExporter - INFO - Sent 4 sampled flow records (144 bytes)
2025-10-06 10:13:12,025 - NetFlowExporter - INFO - Sent 4 sampled flow records (144 bytes)
2025-10-06 10:13:12,826 - NetFlowExporter - INFO - Sent template packet (68 bytes)
2025-10-06 10:13:12,826 - NetFlowExporter - INFO - Sent 3 sampled flow records (115 bytes)
2025-10-06 10:13:13,645 - NetFlowExporter - INFO - Sent 2 sampled flow records (86 bytes)
2025-10-06 10:13:14,928 - NetFlowExporter - INFO - Sent 6 sampled flow records (202 bytes)
2025-10-06 10:13:15,762 - NetFlowExporter - INFO - Sent 1 sampled flow records (57 bytes)
2025-10-06 10:13:16,938 - NetFlowExporter - INFO - Sent 5 sampled flow records (173 bytes)
2025-10-06 10:13:17,948 - NetFlowExporter - INFO - Sent 3 sampled flow records (115 bytes)
2025-10-06 10:13:19,041 - NetFlowExporter - INFO - Sent 5 sampled flow records (173 bytes)
2025-10-06 10:13:19,628 - NetFlowExporter - INFO - Sent 3 sampled flow records (115 bytes)
2025-10-06 10:13:21,242 - NetFlowExporter - INFO - Sent 6 sampled flow records (202 bytes)
2025-10-06 10:13:22,202 - NetFlowExporter - INFO - Sent 4 sampled flow records (144 bytes)
2025-10-06 10:13:22,755 - NetFlowExporter - INFO - Sent 3 sampled flow records (115 bytes)
2025-10-06 10:13:23,976 - NetFlowExporter - INFO - Sent 4 sampled flow records (144 bytes)
2025-10-06 10:13:25,215 - NetFlowExporter - INFO - Sent 5 sampled flow records (173 bytes)
2025-10-06 10:13:26,105 - NetFlowExporter - INFO - Sent 3 sampled flow records (115 bytes)
2025-10-06 10:13:27,030 - NetFlowExporter - INFO - Sent 4 sampled flow records (144 bytes)
2025-10-06 10:13:28,288 - NetFlowExporter - INFO - Sent 5 sampled flow records (173 bytes)
2025-10-06 10:13:29,120 - NetFlowExporter - INFO - Sent 2 sampled flow records (86 bytes)
2025-10-06 10:13:30,166 - NetFlowExporter - INFO - Sent 5 sampled flow records (173 bytes)
2025-10-06 10:13:31,245 - NetFlowExporter - INFO - Sent 4 sampled flow records (144 bytes)
2025-10-06 10:13:32,840 - NetFlowExporter - INFO - Sent 7 sampled flow records (231 bytes)
2025-10-06 10:13:34,182 - NetFlowExporter - INFO - Sent template packet (68 bytes)
2025-10-06 10:13:34,182 - NetFlowExporter - INFO - Sent 5 sampled flow records (173 bytes)
2025-10-06 10:13:34,804 - NetFlowExporter - INFO - Sent 3 sampled flow records (115 bytes)
2025-10-06 10:13:35,928 - NetFlowExporter - INFO - Sent 3 sampled flow records (115 bytes)
2025-10-06 10:13:36,868 - NetFlowExporter - INFO - Sent 4 sampled flow records (144 bytes)
2025-10-06 10:13:38,023 - NetFlowExporter - INFO - Sent 5 sampled flow records (173 bytes)
2025-10-06 10:13:39,184 - NetFlowExporter - INFO - Sent 6 sampled flow records (202 bytes)
2025-10-06 10:13:39,996 - NetFlowExporter - INFO - Sent 3 sampled flow records (115 bytes)
2025-10-06 10:13:41,012 - NetFlowExporter - INFO - Sent 4 sampled flow records (144 bytes)
2025-10-06 10:13:42,081 - NetFlowExporter - INFO - Sent 4 sampled flow records (144 bytes)
2025-10-06 10:13:43,349 - NetFlowExporter - INFO - Sent 5 sampled flow records (173 bytes)
2025-10-06 10:13:44,265 - NetFlowExporter - INFO - Sent 4 sampled flow records (144 bytes)
2025-10-06 10:13:45,080 - NetFlowExporter - INFO - Sent 4 sampled flow records (144 bytes)
2025-10-06 10:13:46,099 - NetFlowExporter - INFO - Sent 4 sampled flow records (144 bytes)
2025-10-06 10:13:47,076 - NetFlowExporter - INFO - Sent 4 sampled flow records (144 bytes)
2025-10-06 10:13:48,346 - NetFlowExporter - INFO - Sent 4 sampled flow records (144 bytes)
2025-10-06 10:13:49,527 - NetFlowExporter - INFO - Sent 5 sampled flow records (173 bytes)
2025-10-06 10:13:50,786 - NetFlowExporter - INFO - Sent 5 sampled flow records (173 bytes)
2025-10-06 10:13:51,736 - NetFlowExporter - INFO - Sent 5 sampled flow records (173 bytes)
2025-10-06 10:13:52,980 - NetFlowExporter - INFO - Sent 4 sampled flow records (144 bytes)
2025-10-06 10:13:54,153 - NetFlowExporter - INFO - Sent 4 sampled flow records (144 bytes)
2025-10-06 10:13:55,297 - NetFlowExporter - INFO - Sent template packet (68 bytes)
2025-10-06 10:13:55,297 - NetFlowExporter - INFO - Sent 5 sampled flow records (173 bytes)
2025-10-06 10:13:56,221 - NetFlowExporter - INFO - Sent 4 sampled flow records (144 bytes)
2025-10-06 10:13:57,263 - NetFlowExporter - INFO - Sent 4 sampled flow records (144 bytes)
2025-10-06 10:13:58,312 - NetFlowExporter - INFO - Sent 4 sampled flow records (144 bytes)
2025-10-06 10:13:59,452 - NetFlowExporter - INFO - Sent 5 sampled flow records (173 bytes)
2025-10-06 10:14:00,692 - NetFlowExporter - INFO - Sent 7 sampled flow records (231 bytes)
2025-10-06 10:14:01,679 - NetFlowExporter - INFO - Sent 5 sampled flow records (173 bytes)
2025-10-06 10:14:02,581 - NetFlowExporter - INFO - Sent 4 sampled flow records (144 bytes)
2025-10-06 10:14:03,600 - NetFlowExporter - INFO - Sent 4 sampled flow records (144 bytes)
2025-10-06 10:14:04,824 - NetFlowExporter - INFO - Sent 4 sampled flow records (144 bytes)
2025-10-06 10:14:05,725 - NetFlowExporter - INFO - Sent 4 sampled flow records (144 bytes)
2025-10-06 10:14:06,922 - NetFlowExporter - INFO - Sent 5 sampled flow records (173 bytes)
2025-10-06 10:14:07,909 - NetFlowExporter - INFO - Sent 4 sampled flow records (144 bytes)
2025-10-06 10:14:09,180 - NetFlowExporter - INFO - Sent 5 sampled flow records (173 bytes)
2025-10-06 10:14:10,423 - NetFlowExporter - INFO - Sent 5 sampled flow records (173 bytes)
2025-10-06 10:14:11,391 - NetFlowExporter - INFO - Sent 5 sampled flow records (173 bytes)
2025-10-06 10:14:12,296 - NetFlowExporter - INFO - Sent 4 sampled flow records (144 bytes)
2025-10-06 10:14:13,725 - NetFlowExporter - INFO - Sent 7 sampled flow records (231 bytes)
2025-10-06 10:14:14,888 - NetFlowExporter - INFO - Sent 4 sampled flow records (144 bytes)
2025-10-06 10:14:15,896 - NetFlowExporter - INFO - Sent 5 sampled flow records (173 bytes)
2025-10-06 10:14:17,421 - NetFlowExporter - INFO - Sent template packet (68 bytes)
2025-10-06 10:14:17,421 - NetFlowExporter - INFO - Sent 7 sampled flow records (231 bytes)
2025-10-06 10:14:18,859 - NetFlowExporter - INFO - Sent 8 sampled flow records (260 bytes)
2025-10-06 10:14:19,926 - NetFlowExporter - INFO - Sent 5 sampled flow records (173 bytes)
2025-10-06 10:14:20,845 - NetFlowExporter - INFO - Sent 5 sampled flow records (173 bytes)
2025-10-06 10:14:22,236 - NetFlowExporter - INFO - Sent 6 sampled flow records (202 bytes)
2025-10-06 10:14:23,465 - NetFlowExporter - INFO - Sent 5 sampled flow records (173 bytes)
2025-10-06 10:14:24,189 - NetFlowExporter - INFO - Sent 3 sampled flow records (115 bytes)
2025-10-06 10:14:25,423 - NetFlowExporter - INFO - Sent 5 sampled flow records (173 bytes)
2025-10-06 10:14:26,955 - NetFlowExporter - INFO - Sent 8 sampled flow records (260 bytes)
2025-10-06 10:14:28,064 - NetFlowExporter - INFO - Sent 5 sampled flow records (173 bytes)
2025-10-06 10:14:28,916 - NetFlowExporter - INFO - Sent 4 sampled flow records (144 bytes)
2025-10-06 10:14:30,176 - NetFlowExporter - INFO - Sent 5 sampled flow records (173 bytes)
2025-10-06 10:14:30,869 - NetFlowExporter - INFO - Sent 3 sampled flow records (115 bytes)
2025-10-06 10:14:31,988 - NetFlowExporter - INFO - Sent 4 sampled flow records (144 bytes)
2025-10-06 10:14:33,303 - NetFlowExporter - INFO - Sent 6 sampled flow records (202 bytes)
2025-10-06 10:14:34,256 - NetFlowExporter - INFO - Sent 4 sampled flow records (144 bytes)
2025-10-06 10:14:35,151 - NetFlowExporter - INFO - Sent 3 sampled flow records (115 bytes)
2025-10-06 10:14:36,465 - NetFlowExporter - INFO - Sent 6 sampled flow records (202 bytes)
2025-10-06 10:14:37,576 - NetFlowExporter - INFO - Sent 3 sampled flow records (115 bytes)
2025-10-06 10:14:38,896 - NetFlowExporter - INFO - Sent 7 sampled flow records (231 bytes)
2025-10-06 10:14:39,826 - NetFlowExporter - INFO - Sent template packet (68 bytes)
2025-10-06 10:14:39,827 - NetFlowExporter - INFO - Sent 3 sampled flow records (115 bytes)
2025-10-06 10:14:40,760 - NetFlowExporter - INFO - Sent 4 sampled flow records (144 bytes)
2025-10-06 10:14:41,947 - NetFlowExporter - INFO - Sent 5 sampled flow records (173 bytes)
2025-10-06 10:14:42,710 - NetFlowExporter - INFO - Sent 2 sampled flow records (86 bytes)
2025-10-06 10:14:43,970 - NetFlowExporter - INFO - Sent 6 sampled flow records (202 bytes)
2025-10-06 10:14:44,864 - NetFlowExporter - INFO - Sent 4 sampled flow records (144 bytes)
2025-10-06 10:14:45,869 - NetFlowExporter - INFO - Sent 5 sampled flow records (173 bytes)
2025-10-06 10:14:46,760 - NetFlowExporter - INFO - Sent 3 sampled flow records (115 bytes)
2025-10-06 10:14:48,530 - NetFlowExporter - INFO - Sent 8 sampled flow records (260 bytes)
2025-10-06 10:14:50,471 - NetFlowExporter - INFO - Sent 9 sampled flow records (289 bytes)
2025-10-06 10:14:51,612 - NetFlowExporter - INFO - Sent 6 sampled flow records (202 bytes)
2025-10-06 10:14:52,625 - NetFlowExporter - INFO - Sent 4 sampled flow records (144 bytes)
2025-10-06 10:14:53,962 - NetFlowExporter - INFO - Sent 5 sampled flow records (173 bytes)
2025-10-06 10:14:55,431 - NetFlowExporter - INFO - Sent 8 sampled flow records (260 bytes)
2025-10-06 10:14:56,435 - NetFlowExporter - INFO - Sent 4 sampled flow records (144 bytes)
2025-10-06 10:14:57,283 - NetFlowExporter - INFO - Sent 4 sampled flow records (144 bytes)
2025-10-06 10:14:58,728 - NetFlowExporter - INFO - Sent 7 sampled flow records (231 bytes)
2025-10-06 10:15:00,128 - NetFlowExporter - INFO - Sent 7 sampled flow records (231 bytes)
2025-10-06 10:15:01,446 - NetFlowExporter - INFO - Sent 7 sampled flow records (231 bytes)
2025-10-06 10:15:02,531 - NetFlowExporter - INFO - Sent 5 sampled flow records (173 bytes)
2025-10-06 10:15:03,486 - NetFlowExporter - INFO - Sent template packet (68 bytes)
2025-10-06 10:15:03,486 - NetFlowExporter - INFO - Sent 3 sampled flow records (115 bytes)
2025-10-06 10:15:04,393 - NetFlowExporter - INFO - Sent 4 sampled flow records (144 bytes)
2025-10-06 10:15:05,777 - NetFlowExporter - INFO - Sent 4 sampled flow records (144 bytes)
2025-10-06 10:15:07,077 - NetFlowExporter - INFO - Sent 7 sampled flow records (231 bytes)
2025-10-06 10:15:08,433 - NetFlowExporter - INFO - Sent 5 sampled flow records (173 bytes)
2025-10-06 10:15:09,564 - NetFlowExporter - INFO - Sent 6 sampled flow records (202 bytes)
2025-10-06 10:15:10,773 - NetFlowExporter - INFO - Sent 5 sampled flow records (173 bytes)
2025-10-06 10:15:11,792 - NetFlowExporter - INFO - Sent 4 sampled flow records (144 bytes)
2025-10-06 10:15:13,052 - NetFlowExporter - INFO - Sent 6 sampled flow records (202 bytes)
2025-10-06 10:15:14,275 - NetFlowExporter - INFO - Sent 6 sampled flow records (202 bytes)
2025-10-06 10:15:15,365 - NetFlowExporter - INFO - Sent 4 sampled flow records (144 bytes)
2025-10-06 10:15:16,337 - NetFlowExporter - INFO - Sent 5 sampled flow records (173 bytes)
2025-10-06 10:15:17,391 - NetFlowExporter - INFO - Sent 6 sampled flow records (202 bytes)
2025-10-06 10:15:18,705 - NetFlowExporter - INFO - Sent 8 sampled flow records (260 bytes)
2025-10-06 10:15:20,083 - NetFlowExporter - INFO - Sent 6 sampled flow records (202 bytes)
2025-10-06 10:15:21,400 - NetFlowExporter - INFO - Sent 6 sampled flow records (202 bytes)
2025-10-06 10:15:22,456 - NetFlowExporter - INFO - Sent 4 sampled flow records (144 bytes)
2025-10-06 10:15:23,646 - NetFlowExporter - INFO - Sent 5 sampled flow records (173 bytes)
2025-10-06 10:15:24,562 - NetFlowExporter - INFO - Sent 5 sampled flow records (173 bytes)
2025-10-06 10:15:25,745 - NetFlowExporter - INFO - Sent 5 sampled flow records (173 bytes)
2025-10-06 10:15:26,622 - NetFlowExporter - INFO - Sent template packet (68 bytes)
2025-10-06 10:15:26,622 - NetFlowExporter - INFO - Sent 5 sampled flow records (173 bytes)
2025-10-06 10:15:27,766 - NetFlowExporter - INFO - Sent 4 sampled flow records (144 bytes)
2025-10-06 10:15:29,136 - NetFlowExporter - INFO - Sent 6 sampled flow records (202 bytes)
2025-10-06 10:15:30,437 - NetFlowExporter - INFO - Sent 7 sampled flow records (231 bytes)
2025-10-06 10:15:31,606 - NetFlowExporter - INFO - Sent 7 sampled flow records (231 bytes)
2025-10-06 10:15:32,618 - NetFlowExporter - INFO - Sent 5 sampled flow records (173 bytes)
2025-10-06 10:15:33,892 - NetFlowExporter - INFO - Sent 5 sampled flow records (173 bytes)
2025-10-06 10:15:35,135 - NetFlowExporter - INFO - Sent 6 sampled flow records (202 bytes)
2025-10-06 10:15:36,089 - NetFlowExporter - INFO - Sent 4 sampled flow records (144 bytes)
2025-10-06 10:15:37,016 - NetFlowExporter - INFO - Sent 5 sampled flow records (173 bytes)
2025-10-06 10:15:38,031 - NetFlowExporter - INFO - Sent 6 sampled flow records (202 bytes)
2025-10-06 10:15:39,564 - NetFlowExporter - INFO - Sent 8 sampled flow records (260 bytes)
2025-10-06 10:15:40,617 - NetFlowExporter - INFO - Sent 5 sampled flow records (173 bytes)
2025-10-06 10:15:41,600 - NetFlowExporter - INFO - Sent 5 sampled flow records (173 bytes)
2025-10-06 10:15:42,459 - NetFlowExporter - INFO - Sent 4 sampled flow records (144 bytes)
2025-10-06 10:15:43,770 - NetFlowExporter - INFO - Sent 6 sampled flow records (202 bytes)
2025-10-06 10:15:44,941 - NetFlowExporter - INFO - Sent 5 sampled flow records (173 bytes)
2025-10-06 10:15:46,172 - NetFlowExporter - INFO - Sent 4 sampled flow records (144 bytes)
2025-10-06 10:15:47,281 - NetFlowExporter - INFO - Sent 5 sampled flow records (173 bytes)
2025-10-06 10:15:48,329 - NetFlowExporter - INFO - Sent 6 sampled flow records (202 bytes)
2025-10-06 10:15:49,074 - NetFlowExporter - INFO - Sent template packet (68 bytes)
2025-10-06 10:15:49,074 - NetFlowExporter - INFO - Sent 3 sampled flow records (115 bytes)
2025-10-06 10:15:50,718 - NetFlowExporter - INFO - Sent 7 sampled flow records (231 bytes)
2025-10-06 10:15:51,932 - NetFlowExporter - INFO - Sent 7 sampled flow records (231 bytes)
2025-10-06 10:15:52,389 - NetFlowExporter - INFO - Sent 2 sampled flow records (86 bytes)
2025-10-06 10:15:54,136 - NetFlowExporter - INFO - Sent 8 sampled flow records (260 bytes)
2025-10-06 10:15:55,039 - NetFlowExporter - INFO - Sent 3 sampled flow records (115 bytes)
2025-10-06 10:15:56,265 - NetFlowExporter - INFO - Sent 8 sampled flow records (260 bytes)
2025-10-06 10:15:57,251 - NetFlowExporter - INFO - Sent 5 sampled flow records (173 bytes)
2025-10-06 10:15:58,127 - NetFlowExporter - INFO - Sent 4 sampled flow records (144 bytes)
2025-10-06 10:15:59,381 - NetFlowExporter - INFO - Sent 6 sampled flow records (202 bytes)
2025-10-06 10:16:00,516 - NetFlowExporter - INFO - Sent 6 sampled flow records (202 bytes)
2025-10-06 10:16:01,534 - NetFlowExporter - INFO - Sent 4 sampled flow records (144 bytes)
2025-10-06 10:16:02,634 - NetFlowExporter - INFO - Sent 5 sampled flow records (173 bytes)
2025-10-06 10:16:03,693 - NetFlowExporter - INFO - Sent 6 sampled flow records (202 bytes)
2025-10-06 10:16:04,776 - NetFlowExporter - INFO - Sent 5 sampled flow records (173 bytes)
2025-10-06 10:16:05,551 - NetFlowExporter - INFO - Sent 3 sampled flow records (115 bytes)
2025-10-06 10:16:06,999 - NetFlowExporter - INFO - Sent 6 sampled flow records (202 bytes)
2025-10-06 10:16:07,723 - NetFlowExporter - INFO - Sent 4 sampled flow records (144 bytes)
2025-10-06 10:16:09,078 - NetFlowExporter - INFO - Sent 6 sampled flow records (202 bytes)
2025-10-06 10:16:10,656 - NetFlowExporter - INFO - Sent 7 sampled flow records (231 bytes)
2025-10-06 10:16:11,962 - NetFlowExporter - INFO - Sent template packet (68 bytes)
2025-10-06 10:16:11,962 - NetFlowExporter - INFO - Sent 5 sampled flow records (173 bytes)
2025-10-06 10:16:12,671 - NetFlowExporter - INFO - Sent 3 sampled flow records (115 bytes)
2025-10-06 10:16:14,121 - NetFlowExporter - INFO - Sent 7 sampled flow records (231 bytes)
2025-10-06 10:16:15,461 - NetFlowExporter - INFO - Sent 7 sampled flow records (231 bytes)
2025-10-06 10:16:16,635 - NetFlowExporter - INFO - Sent 5 sampled flow records (173 bytes)
2025-10-06 10:16:17,458 - NetFlowExporter - INFO - Sent 4 sampled flow records (144 bytes)
2025-10-06 10:16:18,693 - NetFlowExporter - INFO - Sent 5 sampled flow records (173 bytes)
2025-10-06 10:16:19,658 - NetFlowExporter - INFO - Sent 5 sampled flow records (173 bytes)
2025-10-06 10:16:20,928 - NetFlowExporter - INFO - Sent 6 sampled flow records (202 bytes)
2025-10-06 10:16:21,940 - NetFlowExporter - INFO - Sent 4 sampled flow records (144 bytes)
2025-10-06 10:16:23,570 - NetFlowExporter - INFO - Sent 8 sampled flow records (260 bytes)
2025-10-06 10:16:24,890 - NetFlowExporter - INFO - Sent 6 sampled flow records (202 bytes)
2025-10-06 10:16:25,751 - NetFlowExporter - INFO - Sent 3 sampled flow records (115 bytes)
2025-10-06 10:16:27,098 - NetFlowExporter - INFO - Sent 6 sampled flow records (202 bytes)
2025-10-06 10:16:28,453 - NetFlowExporter - INFO - Sent 6 sampled flow records (202 bytes)
2025-10-06 10:16:29,352 - NetFlowExporter - INFO - Sent 4 sampled flow records (144 bytes)
2025-10-06 10:16:31,025 - NetFlowExporter - INFO - Sent 6 sampled flow records (202 bytes)
2025-10-06 10:16:32,353 - NetFlowExporter - INFO - Sent 6 sampled flow records (202 bytes)
2025-10-06 10:16:33,081 - NetFlowExporter - INFO - Sent 3 sampled flow records (115 bytes)
2025-10-06 10:16:34,149 - NetFlowExporter - INFO - Sent 5 sampled flow records (173 bytes)
2025-10-06 10:16:35,152 - NetFlowExporter - INFO - Sent template packet (68 bytes)
2025-10-06 10:16:35,153 - NetFlowExporter - INFO - Sent 4 sampled flow records (144 bytes)
2025-10-06 10:16:36,586 - NetFlowExporter - INFO - Sent 6 sampled flow records (202 bytes)
2025-10-06 10:16:37,523 - NetFlowExporter - INFO - Sent 5 sampled flow records (173 bytes)
2025-10-06 10:16:38,263 - NetFlowExporter - INFO - Sent 2 sampled flow records (86 bytes)
2025-10-06 10:16:39,722 - NetFlowExporter - INFO - Sent 6 sampled flow records (202 bytes)
2025-10-06 10:16:40,525 - NetFlowExporter - INFO - Sent 2 sampled flow records (86 bytes)
2025-10-06 10:16:41,449 - NetFlowExporter - INFO - Sent 4 sampled flow records (144 bytes)
2025-10-06 10:16:42,601 - NetFlowExporter - INFO - Sent 5 sampled flow records (173 bytes)
2025-10-06 10:16:43,368 - NetFlowExporter - INFO - Sent 2 sampled flow records (86 bytes)
2025-10-06 10:16:44,553 - NetFlowExporter - INFO - Sent 6 sampled flow records (202 bytes)
2025-10-06 10:16:45,477 - NetFlowExporter - INFO - Sent 3 sampled flow records (115 bytes)
2025-10-06 10:16:46,568 - NetFlowExporter - INFO - Sent 3 sampled flow records (115 bytes)
2025-10-06 10:16:47,356 - NetFlowExporter - INFO - Sent 3 sampled flow records (115 bytes)
2025-10-06 10:16:48,608 - NetFlowExporter - INFO - Sent 5 sampled flow records (173 bytes)
2025-10-06 10:16:49,254 - NetFlowExporter - INFO - Sent 3 sampled flow records (115 bytes)
2025-10-06 10:16:50,703 - NetFlowExporter - INFO - Sent 6 sampled flow records (202 bytes)
2025-10-06 10:16:51,627 - NetFlowExporter - INFO - Sent 3 sampled flow records (115 bytes)
2025-10-06 10:16:52,757 - NetFlowExporter - INFO - Sent 5 sampled flow records (173 bytes)
2025-10-06 10:16:53,979 - NetFlowExporter - INFO - Sent 5 sampled flow records (173 bytes)
2025-10-06 10:16:54,795 - NetFlowExporter - INFO - Sent 3 sampled flow records (115 bytes)
2025-10-06 10:16:55,834 - NetFlowExporter - INFO - Sent template packet (68 bytes)
2025-10-06 10:16:55,834 - NetFlowExporter - INFO - Sent 4 sampled flow records (144 bytes)
2025-10-06 10:16:57,179 - NetFlowExporter - INFO - Sent 5 sampled flow records (173 bytes)
2025-10-06 10:16:57,992 - NetFlowExporter - INFO - Sent 4 sampled flow records (144 bytes)
2025-10-06 10:16:59,093 - NetFlowExporter - INFO - Sent 4 sampled flow records (144 bytes)
2025-10-06 10:17:00,307 - NetFlowExporter - INFO - Sent 5 sampled flow records (173 bytes)
2025-10-06 10:17:01,201 - NetFlowExporter - INFO - Sent 4 sampled flow records (144 bytes)
2025-10-06 10:17:01,701 - NetFlowExporter - INFO - Sent 1 sampled flow records (57 bytes)
2025-10-06 10:17:03,499 - NetFlowExporter - INFO - Sent 7 sampled flow records (231 bytes)
2025-10-06 10:17:04,085 - NetFlowExporter - INFO - Sent 2 sampled flow records (86 bytes)
2025-10-06 10:17:05,541 - NetFlowExporter - INFO - Sent 6 sampled flow records (202 bytes)
2025-10-06 10:17:06,286 - NetFlowExporter - INFO - Sent 3 sampled flow records (115 bytes)
2025-10-06 10:17:07,156 - NetFlowExporter - INFO - Sent 4 sampled flow records (144 bytes)
2025-10-06 10:17:08,384 - NetFlowExporter - INFO - Sent 4 sampled flow records (144 bytes)
2025-10-06 10:17:09,364 - NetFlowExporter - INFO - Sent 4 sampled flow records (144 bytes)
2025-10-06 10:17:10,263 - NetFlowExporter - INFO - Sent 4 sampled flow records (144 bytes)
2025-10-06 10:17:11,283 - NetFlowExporter - INFO - Sent 4 sampled flow records (144 bytes)
2025-10-06 10:17:12,366 - NetFlowExporter - INFO - Sent 5 sampled flow records (173 bytes)
2025-10-06 10:17:13,249 - NetFlowExporter - INFO - Sent 3 sampled flow records (115 bytes)
2025-10-06 10:17:14,137 - NetFlowExporter - INFO - Sent 3 sampled flow records (115 bytes)
2025-10-06 10:17:15,715 - NetFlowExporter - INFO - Sent 6 sampled flow records (202 bytes)
2025-10-06 10:17:16,495 - NetFlowExporter - INFO - Sent template packet (68 bytes)
2025-10-06 10:17:16,496 - NetFlowExporter - INFO - Sent 3 sampled flow records (115 bytes)
2025-10-06 10:17:17,371 - NetFlowExporter - INFO - Sent 4 sampled flow records (144 bytes)
2025-10-06 10:17:18,423 - NetFlowExporter - INFO - Sent 3 sampled flow records (115 bytes)
2025-10-06 10:17:19,387 - NetFlowExporter - INFO - Sent 4 sampled flow records (144 bytes)
2025-10-06 10:17:20,489 - NetFlowExporter - INFO - Sent 4 sampled flow records (144 bytes)
2025-10-06 10:17:21,929 - NetFlowExporter - INFO - Sent 6 sampled flow records (202 bytes)
2025-10-06 10:17:23,032 - NetFlowExporter - INFO - Sent 5 sampled flow records (173 bytes)
2025-10-06 10:17:23,649 - NetFlowExporter - INFO - Sent 2 sampled flow records (86 bytes)
2025-10-06 10:17:25,453 - NetFlowExporter - INFO - Sent 6 sampled flow records (202 bytes)
2025-10-06 10:17:26,522 - NetFlowExporter - INFO - Sent 4 sampled flow records (144 bytes)
2025-10-06 10:17:27,139 - NetFlowExporter - INFO - Sent 3 sampled flow records (115 bytes)
2025-10-06 10:17:28,523 - NetFlowExporter - INFO - Sent 5 sampled flow records (173 bytes)
2025-10-06 10:17:29,187 - NetFlowExporter - INFO - Sent 3 sampled flow records (115 bytes)
2025-10-06 10:17:30,274 - NetFlowExporter - INFO - Sent 4 sampled flow records (144 bytes)
2025-10-06 10:17:31,368 - NetFlowExporter - INFO - Sent 4 sampled flow records (144 bytes)
2025-10-06 10:17:32,493 - NetFlowExporter - INFO - Sent 3 sampled flow records (115 bytes)
2025-10-06 10:17:33,396 - NetFlowExporter - INFO - Sent 4 sampled flow records (144 bytes)
2025-10-06 10:17:34,329 - NetFlowExporter - INFO - Sent 4 sampled flow records (144 bytes)
2025-10-06 10:17:35,174 - NetFlowExporter - INFO - Sent 3 sampled flow records (115 bytes)
2025-10-06 10:17:36,318 - NetFlowExporter - INFO - Sent 5 sampled flow records (173 bytes)
2025-10-06 10:17:37,260 - NetFlowExporter - INFO - Sent template packet (68 bytes)
2025-10-06 10:17:37,261 - NetFlowExporter - INFO - Sent 2 sampled flow records (86 bytes)
2025-10-06 10:17:38,228 - NetFlowExporter - INFO - Sent 5 sampled flow records (173 bytes)
2025-10-06 10:17:39,463 - NetFlowExporter - INFO - Sent 4 sampled flow records (144 bytes)
2025-10-06 10:17:40,056 - NetFlowExporter - INFO - Sent 2 sampled flow records (86 bytes)
2025-10-06 10:17:41,409 - NetFlowExporter - INFO - Sent 5 sampled flow records (173 bytes)
2025-10-06 10:17:42,112 - NetFlowExporter - INFO - Sent 4 sampled flow records (144 bytes)
2025-10-06 10:17:43,451 - NetFlowExporter - INFO - Sent 5 sampled flow records (173 bytes)
2025-10-06 10:17:44,342 - NetFlowExporter - INFO - Sent 4 sampled flow records (144 bytes)
2025-10-06 10:17:45,362 - NetFlowExporter - INFO - Sent 5 sampled flow records (173 bytes)
2025-10-06 10:17:46,208 - NetFlowExporter - INFO - Sent 3 sampled flow records (115 bytes)
2025-10-06 10:17:47,234 - NetFlowExporter - INFO - Sent 3 sampled flow records (115 bytes)
2025-10-06 10:17:48,638 - NetFlowExporter - INFO - Sent 6 sampled flow records (202 bytes)
2025-10-06 10:17:49,183 - NetFlowExporter - INFO - Sent 3 sampled flow records (115 bytes)
2025-10-06 10:17:50,488 - NetFlowExporter - INFO - Sent 5 sampled flow records (173 bytes)
2025-10-06 10:17:51,433 - NetFlowExporter - INFO - Sent 4 sampled flow records (144 bytes)
2025-10-06 10:17:52,192 - NetFlowExporter - INFO - Sent 3 sampled flow records (115 bytes)
2025-10-06 10:17:53,142 - NetFlowExporter - INFO - Sent 3 sampled flow records (115 bytes)
2025-10-06 10:17:54,439 - NetFlowExporter - INFO - Sent 5 sampled flow records (173 bytes)
2025-10-06 10:17:55,432 - NetFlowExporter - INFO - Sent 4 sampled flow records (144 bytes)
2025-10-06 10:17:56,468 - NetFlowExporter - INFO - Sent 4 sampled flow records (144 bytes)
2025-10-06 10:17:57,327 - NetFlowExporter - INFO - Sent template packet (68 bytes)
2025-10-06 10:17:57,327 - NetFlowExporter - INFO - Sent 4 sampled flow records (144 bytes)
2025-10-06 10:17:58,250 - NetFlowExporter - INFO - Sent 3 sampled flow records (115 bytes)
2025-10-06 10:17:59,423 - NetFlowExporter - INFO - Sent 5 sampled flow records (173 bytes)
2025-10-06 10:18:00,330 - NetFlowExporter - INFO - Sent 4 sampled flow records (144 bytes)
2025-10-06 10:18:01,855 - NetFlowExporter - INFO - Sent 7 sampled flow records (231 bytes)
2025-10-06 10:18:02,793 - NetFlowExporter - INFO - Sent 3 sampled flow records (115 bytes)
2025-10-06 10:18:03,924 - NetFlowExporter - INFO - Sent 5 sampled flow records (173 bytes)
2025-10-06 10:18:04,602 - NetFlowExporter - INFO - Sent 3 sampled flow records (115 bytes)
2025-10-06 10:18:05,699 - NetFlowExporter - INFO - Sent 5 sampled flow records (173 bytes)
2025-10-06 10:18:07,177 - NetFlowExporter - INFO - Sent 7 sampled flow records (231 bytes)
2025-10-06 10:18:08,116 - NetFlowExporter - INFO - Sent 4 sampled flow records (144 bytes)
2025-10-06 10:18:08,813 - NetFlowExporter - INFO - Sent 1 sampled flow records (57 bytes)
2025-10-06 10:18:10,038 - NetFlowExporter - INFO - Sent 5 sampled flow records (173 bytes)
2025-10-06 10:18:11,140 - NetFlowExporter - INFO - Sent 3 sampled flow records (115 bytes)
2025-10-06 10:18:12,070 - NetFlowExporter - INFO - Sent 3 sampled flow records (115 bytes)
2025-10-06 10:18:12,652 - NetFlowExporter - INFO - Sent 2 sampled flow records (86 bytes)
2025-10-06 10:18:13,895 - NetFlowExporter - INFO - Sent 5 sampled flow records (173 bytes)
2025-10-06 10:18:14,924 - NetFlowExporter - INFO - Sent 3 sampled flow records (115 bytes)
2025-10-06 10:18:15,949 - NetFlowExporter - INFO - Sent 4 sampled flow records (144 bytes)
2025-10-06 10:18:17,133 - NetFlowExporter - INFO - Sent 4 sampled flow records (144 bytes)
2025-10-06 10:18:17,859 - NetFlowExporter - INFO - Sent template packet (68 bytes)
2025-10-06 10:18:17,860 - NetFlowExporter - INFO - Sent 2 sampled flow records (86 bytes)
2025-10-06 10:18:19,079 - NetFlowExporter - INFO - Sent 6 sampled flow records (202 bytes)
2025-10-06 10:18:20,008 - NetFlowExporter - INFO - Sent 3 sampled flow records (115 bytes)
2025-10-06 10:18:21,221 - NetFlowExporter - INFO - Sent 6 sampled flow records (202 bytes)
2025-10-06 10:18:22,243 - NetFlowExporter - INFO - Sent 4 sampled flow records (144 bytes)
2025-10-06 10:18:23,271 - NetFlowExporter - INFO - Sent 3 sampled flow records (115 bytes)
2025-10-06 10:18:24,429 - NetFlowExporter - INFO - Sent 4 sampled flow records (144 bytes)
2025-10-06 10:18:26,108 - NetFlowExporter - INFO - Sent 6 sampled flow records (202 bytes)
2025-10-06 10:18:26,999 - NetFlowExporter - INFO - Sent 3 sampled flow records (115 bytes)
2025-10-06 10:18:27,697 - NetFlowExporter - INFO - Sent 4 sampled flow records (144 bytes)
2025-10-06 10:18:29,161 - NetFlowExporter - INFO - Sent 4 sampled flow records (144 bytes)
2025-10-06 10:18:29,997 - NetFlowExporter - INFO - Sent 4 sampled flow records (144 bytes)
2025-10-06 10:18:31,213 - NetFlowExporter - INFO - Sent 4 sampled flow records (144 bytes)
2025-10-06 10:18:32,092 - NetFlowExporter - INFO - Sent 4 sampled flow records (144 bytes)
2025-10-06 10:18:33,208 - NetFlowExporter - INFO - Sent 4 sampled flow records (144 bytes)
2025-10-06 10:18:34,207 - NetFlowExporter - INFO - Sent 4 sampled flow records (144 bytes)
2025-10-06 10:18:34,960 - NetFlowExporter - INFO - Sent 4 sampled flow records (144 bytes)
2025-10-06 10:18:36,129 - NetFlowExporter - INFO - Sent 4 sampled flow records (144 bytes)
2025-10-06 10:18:37,625 - NetFlowExporter - INFO - Sent 6 sampled flow records (202 bytes)
2025-10-06 10:18:38,645 - NetFlowExporter - INFO - Sent 5 sampled flow records (173 bytes)
2025-10-06 10:18:39,408 - NetFlowExporter - INFO - Sent template packet (68 bytes)
2025-10-06 10:18:39,408 - NetFlowExporter - INFO - Sent 3 sampled flow records (115 bytes)
2025-10-06 10:18:40,587 - NetFlowExporter - INFO - Sent 5 sampled flow records (173 bytes)
2025-10-06 10:18:41,412 - NetFlowExporter - INFO - Sent 3 sampled flow records (115 bytes)
2025-10-06 10:18:42,425 - NetFlowExporter - INFO - Sent 5 sampled flow records (173 bytes)
2025-10-06 10:18:43,517 - NetFlowExporter - INFO - Sent 5 sampled flow records (173 bytes)
2025-10-06 10:18:44,372 - NetFlowExporter - INFO - Sent 3 sampled flow records (115 bytes)
2025-10-06 10:18:45,984 - NetFlowExporter - INFO - Sent 8 sampled flow records (260 bytes)
2025-10-06 10:18:47,164 - NetFlowExporter - INFO - Sent 5 sampled flow records (173 bytes)
2025-10-06 10:18:47,969 - NetFlowExporter - INFO - Sent 4 sampled flow records (144 bytes)
2025-10-06 10:18:48,993 - NetFlowExporter - INFO - Sent 4 sampled flow records (144 bytes)
2025-10-06 10:18:49,809 - NetFlowExporter - INFO - Sent 4 sampled flow records (144 bytes)
2025-10-06 10:18:50,799 - NetFlowExporter - INFO - Sent 4 sampled flow records (144 bytes)
2025-10-06 10:18:52,009 - NetFlowExporter - INFO - Sent 5 sampled flow records (173 bytes)
2025-10-06 10:18:52,808 - NetFlowExporter - INFO - Sent 3 sampled flow records (115 bytes)
2025-10-06 10:18:54,419 - NetFlowExporter - INFO - Sent 7 sampled flow records (231 bytes)
2025-10-06 10:18:55,445 - NetFlowExporter - INFO - Sent 4 sampled flow records (144 bytes)
2025-10-06 10:18:55,939 - NetFlowExporter - INFO - Sent 2 sampled flow records (86 bytes)
2025-10-06 10:18:57,309 - NetFlowExporter - INFO - Sent 5 sampled flow records (173 bytes)
2025-10-06 10:18:57,945 - NetFlowExporter - INFO - Sent 3 sampled flow records (115 bytes)
2025-10-06 10:18:59,270 - NetFlowExporter - INFO - Sent 6 sampled flow records (202 bytes)
2025-10-06 10:19:00,502 - NetFlowExporter - INFO - Sent template packet (68 bytes)
2025-10-06 10:19:00,503 - NetFlowExporter - INFO - Sent 5 sampled flow records (173 bytes)
2025-10-06 10:19:01,291 - NetFlowExporter - INFO - Sent 3 sampled flow records (115 bytes)
2025-10-06 10:19:02,192 - NetFlowExporter - INFO - Sent 4 sampled flow records (144 bytes)
2025-10-06 10:19:03,433 - NetFlowExporter - INFO - Sent 5 sampled flow records (173 bytes)
2025-10-06 10:19:04,209 - NetFlowExporter - INFO - Sent 3 sampled flow records (115 bytes)
2025-10-06 10:19:05,375 - NetFlowExporter - INFO - Sent 5 sampled flow records (173 bytes)
2025-10-06 10:19:06,341 - NetFlowExporter - INFO - Sent 4 sampled flow records (144 bytes)
2025-10-06 10:19:07,076 - NetFlowExporter - INFO - Sent 3 sampled flow records (115 bytes)
2025-10-06 10:19:08,112 - NetFlowExporter - INFO - Sent 3 sampled flow records (115 bytes)
2025-10-06 10:19:09,365 - NetFlowExporter - INFO - Sent 4 sampled flow records (144 bytes)
2025-10-06 10:19:10,268 - NetFlowExporter - INFO - Sent 4 sampled flow records (144 bytes)
2025-10-06 10:19:11,279 - NetFlowExporter - INFO - Sent 3 sampled flow records (115 bytes)
2025-10-06 10:19:12,676 - NetFlowExporter - INFO - Sent 6 sampled flow records (202 bytes)
2025-10-06 10:19:13,563 - NetFlowExporter - INFO - Sent 4 sampled flow records (144 bytes)
2025-10-06 10:19:14,524 - NetFlowExporter - INFO - Sent 3 sampled flow records (115 bytes)
2025-10-06 10:19:15,262 - NetFlowExporter - INFO - Sent 3 sampled flow records (115 bytes)
2025-10-06 10:19:16,339 - NetFlowExporter - INFO - Sent 4 sampled flow records (144 bytes)
2025-10-06 10:19:17,305 - NetFlowExporter - INFO - Sent 5 sampled flow records (173 bytes)
2025-10-06 10:19:18,498 - NetFlowExporter - INFO - Sent 4 sampled flow records (144 bytes)
2025-10-06 10:19:19,413 - NetFlowExporter - INFO - Sent 4 sampled flow records (144 bytes)
2025-10-06 10:19:20,483 - NetFlowExporter - INFO - Sent template packet (68 bytes)
2025-10-06 10:19:20,483 - NetFlowExporter - INFO - Sent 4 sampled flow records (144 bytes)
2025-10-06 10:19:21,470 - NetFlowExporter - INFO - Sent 4 sampled flow records (144 bytes)
2025-10-06 10:19:22,420 - NetFlowExporter - INFO - Sent 4 sampled flow records (144 bytes)
2025-10-06 10:19:23,515 - NetFlowExporter - INFO - Sent 5 sampled flow records (173 bytes)
2025-10-06 10:19:24,726 - NetFlowExporter - INFO - Sent 5 sampled flow records (173 bytes)
2025-10-06 10:19:25,576 - NetFlowExporter - INFO - Sent 2 sampled flow records (86 bytes)
2025-10-06 10:19:26,918 - NetFlowExporter - INFO - Sent 5 sampled flow records (173 bytes)
2025-10-06 10:19:27,547 - NetFlowExporter - INFO - Sent 2 sampled flow records (86 bytes)
2025-10-06 10:19:29,006 - NetFlowExporter - INFO - Sent 6 sampled flow records (202 bytes)
2025-10-06 10:19:29,961 - NetFlowExporter - INFO - Sent 4 sampled flow records (144 bytes)
2025-10-06 10:19:30,995 - NetFlowExporter - INFO - Sent 4 sampled flow records (144 bytes)
2025-10-06 10:19:32,000 - NetFlowExporter - INFO - Sent 5 sampled flow records (173 bytes)
2025-10-06 10:19:32,467 - NetFlowExporter - INFO - Sent 1 sampled flow records (57 bytes)
2025-10-06 10:19:33,981 - NetFlowExporter - INFO - Sent 5 sampled flow records (173 bytes)
2025-10-06 10:19:34,777 - NetFlowExporter - INFO - Sent 3 sampled flow records (115 bytes)
2025-10-06 10:19:35,767 - NetFlowExporter - INFO - Sent 3 sampled flow records (115 bytes)
2025-10-06 10:19:36,620 - NetFlowExporter - INFO - Sent 3 sampled flow records (115 bytes)
2025-10-06 10:19:37,661 - NetFlowExporter - INFO - Sent 4 sampled flow records (144 bytes)
2025-10-06 10:19:38,806 - NetFlowExporter - INFO - Sent 4 sampled flow records (144 bytes)
2025-10-06 10:19:39,787 - NetFlowExporter - INFO - Sent 4 sampled flow records (144 bytes)
2025-10-06 10:19:41,450 - NetFlowExporter - INFO - Sent template packet (68 bytes)
2025-10-06 10:19:41,450 - NetFlowExporter - INFO - Sent 7 sampled flow records (231 bytes)
2025-10-06 10:19:42,114 - NetFlowExporter - INFO - Sent 2 sampled flow records (86 bytes)
2025-10-06 10:19:43,305 - NetFlowExporter - INFO - Sent 5 sampled flow records (173 bytes)
2025-10-06 10:19:44,151 - NetFlowExporter - INFO - Sent 4 sampled flow records (144 bytes)
2025-10-06 10:19:45,197 - NetFlowExporter - INFO - Sent 3 sampled flow records (115 bytes)
2025-10-06 10:19:46,919 - NetFlowExporter - INFO - Sent 8 sampled flow records (260 bytes)
2025-10-06 10:19:47,953 - NetFlowExporter - INFO - Sent 5 sampled flow records (173 bytes)
2025-10-06 10:19:48,790 - NetFlowExporter - INFO - Sent 4 sampled flow records (144 bytes)
2025-10-06 10:19:50,006 - NetFlowExporter - INFO - Sent 4 sampled flow records (144 bytes)
2025-10-06 10:19:50,742 - NetFlowExporter - INFO - Sent 3 sampled flow records (115 bytes)
2025-10-06 10:19:51,738 - NetFlowExporter - INFO - Sent 4 sampled flow records (144 bytes)
2025-10-06 10:19:52,768 - NetFlowExporter - INFO - Sent 4 sampled flow records (144 bytes)
2025-10-06 10:19:54,167 - NetFlowExporter - INFO - Sent 5 sampled flow records (173 bytes)
2025-10-06 10:19:54,877 - NetFlowExporter - INFO - Sent 2 sampled flow records (86 bytes)
2025-10-06 10:19:55,980 - NetFlowExporter - INFO - Sent 4 sampled flow records (144 bytes)
2025-10-06 10:19:56,904 - NetFlowExporter - INFO - Sent 3 sampled flow records (115 bytes)
2025-10-06 10:19:58,011 - NetFlowExporter - INFO - Sent 4 sampled flow records (144 bytes)
2025-10-06 10:19:59,176 - NetFlowExporter - INFO - Sent 5 sampled flow records (173 bytes)
2025-10-06 10:19:59,931 - NetFlowExporter - INFO - Sent 3 sampled flow records (115 bytes)
2025-10-06 10:20:00,819 - NetFlowExporter - INFO - Sent 3 sampled flow records (115 bytes)
2025-10-06 10:20:02,068 - NetFlowExporter - INFO - Sent template packet (68 bytes)
2025-10-06 10:20:02,068 - NetFlowExporter - INFO - Sent 3 sampled flow records (115 bytes)
2025-10-06 10:20:02,750 - NetFlowExporter - INFO - Sent 3 sampled flow records (115 bytes)
2025-10-06 10:20:04,009 - NetFlowExporter - INFO - Sent 5 sampled flow records (173 bytes)
2025-10-06 10:20:04,911 - NetFlowExporter - INFO - Sent 3 sampled flow records (115 bytes)
2025-10-06 10:20:05,994 - NetFlowExporter - INFO - Sent 5 sampled flow records (173 bytes)
2025-10-06 10:20:06,847 - NetFlowExporter - INFO - Sent 5 sampled flow records (173 bytes)
2025-10-06 10:20:08,052 - NetFlowExporter - INFO - Sent 4 sampled flow records (144 bytes)
2025-10-06 10:20:09,060 - NetFlowExporter - INFO - Sent 4 sampled flow records (144 bytes)
2025-10-06 10:20:10,022 - NetFlowExporter - INFO - Sent 4 sampled flow records (144 bytes)
2025-10-06 10:20:10,706 - NetFlowExporter - INFO - Sent 3 sampled flow records (115 bytes)
2025-10-06 10:20:12,025 - NetFlowExporter - INFO - Sent 6 sampled flow records (202 bytes)
2025-10-06 10:20:12,965 - NetFlowExporter - INFO - Sent 3 sampled flow records (115 bytes)
2025-10-06 10:20:13,769 - NetFlowExporter - INFO - Sent 3 sampled flow records (115 bytes)
2025-10-06 10:20:14,982 - NetFlowExporter - INFO - Sent 6 sampled flow records (202 bytes)
2025-10-06 10:20:15,899 - NetFlowExporter - INFO - Sent 3 sampled flow records (115 bytes)
2025-10-06 10:20:16,792 - NetFlowExporter - INFO - Sent 4 sampled flow records (144 bytes)
2025-10-06 10:20:17,967 - NetFlowExporter - INFO - Sent 5 sampled flow records (173 bytes)
2025-10-06 10:20:19,759 - NetFlowExporter - INFO - Sent 7 sampled flow records (231 bytes)
2025-10-06 10:20:20,716 - NetFlowExporter - INFO - Sent 4 sampled flow records (144 bytes)
2025-10-06 10:20:21,272 - NetFlowExporter - INFO - Sent 2 sampled flow records (86 bytes)
2025-10-06 10:20:23,448 - NetFlowExporter - INFO - Sent template packet (68 bytes)
2025-10-06 10:20:23,449 - NetFlowExporter - INFO - Sent 9 sampled flow records (289 bytes)
2025-10-06 10:20:24,376 - NetFlowExporter - INFO - Sent 4 sampled flow records (144 bytes)
2025-10-06 10:20:25,180 - NetFlowExporter - INFO - Sent 3 sampled flow records (115 bytes)
2025-10-06 10:20:26,223 - NetFlowExporter - INFO - Sent 4 sampled flow records (144 bytes)
2025-10-06 10:20:27,046 - NetFlowExporter - INFO - Sent 4 sampled flow records (144 bytes)
2025-10-06 10:20:28,327 - NetFlowExporter - INFO - Sent 5 sampled flow records (173 bytes)
2025-10-06 10:20:29,656 - NetFlowExporter - INFO - Sent 5 sampled flow records (173 bytes)
2025-10-06 10:20:30,412 - NetFlowExporter - INFO - Sent 3 sampled flow records (115 bytes)
2025-10-06 10:20:31,791 - NetFlowExporter - INFO - Sent 5 sampled flow records (173 bytes)
2025-10-06 10:20:32,779 - NetFlowExporter - INFO - Sent 4 sampled flow records (144 bytes)
2025-10-06 10:20:33,490 - NetFlowExporter - INFO - Sent 2 sampled flow records (86 bytes)
2025-10-06 10:20:34,576 - NetFlowExporter - INFO - Sent 2 sampled flow records (86 bytes)
2025-10-06 10:20:35,590 - NetFlowExporter - INFO - Sent 4 sampled flow records (144 bytes)
2025-10-06 10:20:36,801 - NetFlowExporter - INFO - Sent 4 sampled flow records (144 bytes)
2025-10-06 10:20:37,667 - NetFlowExporter - INFO - Sent 4 sampled flow records (144 bytes)
2025-10-06 10:20:38,771 - NetFlowExporter - INFO - Sent 3 sampled flow records (115 bytes)
2025-10-06 10:20:39,894 - NetFlowExporter - INFO - Sent 5 sampled flow records (173 bytes)
2025-10-06 10:20:40,563 - NetFlowExporter - INFO - Sent 3 sampled flow records (115 bytes)
2025-10-06 10:20:41,504 - NetFlowExporter - INFO - Sent 3 sampled flow records (115 bytes)
2025-10-06 10:20:42,701 - NetFlowExporter - INFO - Sent 5 sampled flow records (173 bytes)
2025-10-06 10:20:43,773 - NetFlowExporter - INFO - Sent template packet (68 bytes)
2025-10-06 10:20:43,773 - NetFlowExporter - INFO - Sent 4 sampled flow records (144 bytes)
2025-10-06 10:20:45,197 - NetFlowExporter - INFO - Sent 6 sampled flow records (202 bytes)
2025-10-06 10:20:46,259 - NetFlowExporter - INFO - Sent 4 sampled flow records (144 bytes)
2025-10-06 10:20:46,862 - NetFlowExporter - INFO - Sent 2 sampled flow records (86 bytes)
2025-10-06 10:20:47,876 - NetFlowExporter - INFO - Sent 4 sampled flow records (144 bytes)
2025-10-06 10:20:49,072 - NetFlowExporter - INFO - Sent 5 sampled flow records (173 bytes)
2025-10-06 10:20:50,020 - NetFlowExporter - INFO - Sent 4 sampled flow records (144 bytes)
2025-10-06 10:20:50,992 - NetFlowExporter - INFO - Sent 4 sampled flow records (144 bytes)
2025-10-06 10:20:52,265 - NetFlowExporter - INFO - Sent 6 sampled flow records (202 bytes)
2025-10-06 10:20:53,152 - NetFlowExporter - INFO - Sent 3 sampled flow records (115 bytes)
2025-10-06 10:20:54,270 - NetFlowExporter - INFO - Sent 5 sampled flow records (173 bytes)
2025-10-06 10:20:54,968 - NetFlowExporter - INFO - Sent 3 sampled flow records (115 bytes)
2025-10-06 10:20:56,073 - NetFlowExporter - INFO - Sent 5 sampled flow records (173 bytes)
2025-10-06 10:20:56,901 - NetFlowExporter - INFO - Sent 3 sampled flow records (115 bytes)
2025-10-06 10:20:58,270 - NetFlowExporter - INFO - Sent 5 sampled flow records (173 bytes)
2025-10-06 10:20:58,824 - NetFlowExporter - INFO - Sent 3 sampled flow records (115 bytes)
2025-10-06 10:21:00,054 - NetFlowExporter - INFO - Sent 5 sampled flow records (173 bytes)
2025-10-06 10:21:01,292 - NetFlowExporter - INFO - Sent 5 sampled flow records (173 bytes)
2025-10-06 10:21:02,188 - NetFlowExporter - INFO - Sent 4 sampled flow records (144 bytes)
2025-10-06 10:21:03,329 - NetFlowExporter - INFO - Sent 4 sampled flow records (144 bytes)
2025-10-06 10:21:04,160 - NetFlowExporter - INFO - Sent template packet (68 bytes)
2025-10-06 10:21:04,160 - NetFlowExporter - INFO - Sent 4 sampled flow records (144 bytes)
2025-10-06 10:21:05,232 - NetFlowExporter - INFO - Sent 4 sampled flow records (144 bytes)
2025-10-06 10:21:06,235 - NetFlowExporter - INFO - Sent 3 sampled flow records (115 bytes)
2025-10-06 10:21:07,402 - NetFlowExporter - INFO - Sent 5 sampled flow records (173 bytes)
2025-10-06 10:21:08,291 - NetFlowExporter - INFO - Sent 4 sampled flow records (144 bytes)
2025-10-06 10:21:09,523 - NetFlowExporter - INFO - Sent 4 sampled flow records (144 bytes)
2025-10-06 10:21:10,233 - NetFlowExporter - INFO - Sent 3 sampled flow records (115 bytes)
2025-10-06 10:21:11,127 - NetFlowExporter - INFO - Sent 4 sampled flow records (144 bytes)
2025-10-06 10:21:12,449 - NetFlowExporter - INFO - Sent 6 sampled flow records (202 bytes)
2025-10-06 10:21:13,395 - NetFlowExporter - INFO - Sent 4 sampled flow records (144 bytes)
2025-10-06 10:21:14,388 - NetFlowExporter - INFO - Sent 4 sampled flow records (144 bytes)
2025-10-06 10:21:15,201 - NetFlowExporter - INFO - Sent 3 sampled flow records (115 bytes)
2025-10-06 10:21:16,641 - NetFlowExporter - INFO - Sent 6 sampled flow records (202 bytes)
2025-10-06 10:21:17,310 - NetFlowExporter - INFO - Sent 3 sampled flow records (115 bytes)
2025-10-06 10:21:17,745 - NetFlowSimulator - INFO - Received shutdown signal
2025-10-06 10:21:17,987 - NetFlowSimulator - INFO - Received shutdown signal
2025-10-06 10:21:18,344 - NetFlowExporter - INFO - Sent 3 sampled flow records (115 bytes)
2025-10-06 10:21:18,644 - NetFlowExporter - INFO - Sent 61 sampled flow records (1797 bytes)
2025-10-06 10:21:18,645 - NetFlowSimulator - INFO - Simulation stopped
2025-10-06 10:21:18,646 - NetFlowSimulator - INFO - Runtime: 1026.1 seconds
2025-10-06 10:21:18,646 - NetFlowSimulator - INFO - Total packets generated: 704528
2025-10-06 10:21:18,646 - NetFlowSimulator - INFO - Total flows exported: 39824
2025-10-06 10:21:18,646 - NetFlowSimulator - INFO - Sampling statistics: {'total_flows': 39824, 'sampled_flows': 3982, 'sampling_rate': 10, 'actual_ratio': 0.0999899558055444}
2025-10-06 10:21:18,646 - NetFlowSimulator - INFO - Average packets per second: 686.6
2025-10-06 10:21:18,646 - NetFlowSimulator - INFO - Average flows per second: 38.8
2025-10-06 10:21:23,214 - FlowStreamer - INFO - Client disconnected: ('127.0.0.1', 45496)
2025-10-06 10:21:23,214 - FlowStreamer - INFO - FlowStreamer stopped
2025-10-06 10:21:23,214 - NetFlowExporter - INFO - Total flows written: 3982
2025-10-06 10:21:23,214 - NetFlowExporter - INFO - Sampling stats: {'total_flows': 39824, 'sampled_flows': 3982, 'sampling_rate': 10, 'actual_ratio': 0.0999899558055444}
